Пенг42 euxtjquwo@mail.ru 32	В поле имени присутствуют недопустимые символы
Владимир 8 gumxfigvam	Почта не соответствует необходимому формату
Джамшут tyyolvkn@ya.ru 7	Возраст выходит за границы допустимого (либо введён не возраст)
Дмитрий sdw@gmail.com 101	Возраст выходит за границы допустимого (либо введён не возраст)
Ольга kbzjth 13	Почта не соответствует необходимому формату
Джигурда arlmdlrn@mail.ru 7	Возраст выходит за границы допустимого (либо введён не возраст)
Волочкова tgnrnmo@mail.ru 9	Возраст выходит за границы допустимого (либо введён не возраст)
Ярослав42 ffcbzt@gmail.com 74	В поле имени присутствуют недопустимые символы
Яочуан xi@mail.ru 100	Возраст выходит за границы допустимого (либо введён не возраст)
Земфира jqwpvljxg@mail.ru 7	Возраст выходит за границы допустимого (либо введён не возраст)
Гнойный666 zrjzfsdyqr@mail.ru 95	В поле имени присутствуют недопустимые символы
Ярослав 63 jlygzs@gmail.com	Почта не соответствует необходимому формату
Джамшут lsruraertfigvam 13	Почта не соответствует необходимому формату
Яочуан wmzvcqqyve@ya.ru 100	Возраст выходит за границы допустимого (либо введён не возраст)
Земфира42 rwkzbyao@gmail.com 68	В поле имени присутствуют недопустимые символы
Ли iahmkzj@ya.ru 8	Возраст выходит за границы допустимого (либо введён не возраст)
Пенг666 ms@ya.ru 93	В поле имени присутствуют недопустимые символы
Чонгкун ngdbn@ya.ru 101	Возраст выходит за границы допустимого (либо введён не возраст)
41 wks@gmail.com	Присутствует менее 3-х полей
Тролль oprzfut@ya.ru 7	Возраст выходит за границы допустимого (либо введён не возраст)
Михаил yi@mail.ru	Присутствует менее 3-х полей
Ольга666 utlpnwgik@ya.ru 68	В поле имени присутствуют недопустимые символы
Хенг 96 brxe@ya.ru	Почта не соответствует необходимому формату
Дмитрий zraliqjrtm@gmail.com 7	Возраст выходит за границы допустимого (либо введён не возраст)
Дмитрий tubdfigvam 47	Почта не соответствует необходимому формату
Яочуан cgznlvna 98	Почта не соответствует необходимому формату
Нагиев fflxrbzszh@ya.ru 101	Возраст выходит за границы допустимого (либо введён не возраст)
Геннадий gr@mail.ru 8	Возраст выходит за границы допустимого (либо введён не возраст)
wntxmmh@mail.ru	Присутствует менее 3-х полей
85	Присутствует менее 3-х полей
Ли666 xxqskfbpvd@gmail.com 14	В поле имени присутствуют недопустимые символы
Яочуан666 gmak@mail.ru 57	В поле имени присутствуют недопустимые символы
Джигурда hmyhkidqn@ya.ru 8	Возраст выходит за границы допустимого (либо введён не возраст)
Гнойный42 sbhrryli@gmail.com 29	В поле имени присутствуют недопустимые символы
Ли42 ktcrzpnp@ya.ru 29	В поле имени присутствуют недопустимые символы
Хенг yefrwjcttf 11	Почта не соответствует необходимому формату
Анна666 kko@gmail.com 81	В поле имени присутствуют недопустимые символы
Тролль666 nsocnzas.mail.ru 82	В поле имени присутствуют недопустимые символы
Земфира 86	Присутствует менее 3-х полей
	Присутствует менее 3-х полей
Нагиев qwtqnx@ya.ru 8	Возраст выходит за границы допустимого (либо введён не возраст)
Дмитрий qh@mail.ru 7	Возраст выходит за границы допустимого (либо введён не возраст)
Анна ljaznlcz@mail.ru 7	Возраст выходит за границы допустимого (либо введён не возраст)
Земфира zpfvcvb 97	Почта не соответствует необходимому формату
Ван vbfigvam 93	Почта не соответствует необходимому формату
Ван dlvxhrcf 22	Почта не соответствует необходимому формату
Геннадий 12 lrznx@gmail.com	Почта не соответствует необходимому формату
48 gfedb@mail.ru	Присутствует менее 3-х полей
Пенг libyhk@mail.ru	Присутствует менее 3-х полей
Анна42 pcjyji@mail.ru 52	В поле имени присутствуют недопустимые символы
Земфира cfsycaqk@gmail.com 9	Возраст выходит за границы допустимого (либо введён не возраст)
Земфира xygxmdh@mail.ru 8	Возраст выходит за границы допустимого (либо введён не возраст)
Хенг 97 mpqzthnd@mail.ru	Почта не соответствует необходимому формату
Сянцзян buku@mail.ru 9	Возраст выходит за границы допустимого (либо введён не возраст)
Пенг kdcyiitl@mail.ru 9	Возраст выходит за границы допустимого (либо введён не возраст)
Гнойный wgmbkof@gmail.com 100	Возраст выходит за границы допустимого (либо введён не возраст)
Волочкова42 efe@ya.ru 79	В поле имени присутствуют недопустимые символы
64	Присутствует менее 3-х полей
Нагиев666 txccjjszt@ya.ru 17	В поле имени присутствуют недопустимые символы
Земфира 15 rttzfh@ya.ru	Почта не соответствует необходимому формату
	Присутствует менее 3-х полей
Ли dyhelbnsiefigvam 31	Почта не соответствует необходимому формату
Ольга 65 fl@mail.ru	Почта не соответствует необходимому формату
Артём elf@mail.ru 101	Возраст выходит за границы допустимого (либо введён не возраст)
Бузова42 kcysx@mail.ru 25	В поле имени присутствуют недопустимые символы
Бузова gqt@ya.ru 8	Возраст выходит за границы допустимого (либо введён не возраст)
Пенг lmymg@ya.ru 100	Возраст выходит за границы допустимого (либо введён не возраст)
54 dsohvsqen@ya.ru	Присутствует менее 3-х полей
Владимир zvmklam 15	Почта не соответствует необходимому формату
91 rvgzbnl@gmail.com	Присутствует менее 3-х полей
Ольга dvbnqqtcd@ya.ru 7	Возраст выходит за границы допустимого (либо введён не возраст)
Геннадий kvpbwddtk@mail.ru 101	Возраст выходит за границы допустимого (либо введён не возраст)
Нагиев 35 txgfbp@gmail.com	Почта не соответствует необходимому формату
Анна666 ykjlvew@gmail.com 85	В поле имени присутствуют недопустимые символы
Ольга42 wbdv@gmail.com 42	В поле имени присутствуют недопустимые символы
Ольга42 mgjmyuavwj@mail.ru 25	В поле имени присутствуют недопустимые символы
Муммий cwxiewt@gmail.com 101	Возраст выходит за границы допустимого (либо введён не возраст)
Ли eowsjrz@ya.ru 7	Возраст выходит за границы допустимого (либо введён не возраст)
Артём qqlssl@gmail.com 9	Возраст выходит за границы допустимого (либо введён не возраст)
Сянцзян jxognvpf@mail.ru 100	Возраст выходит за границы допустимого (либо введён не возраст)
Владимир	Присутствует менее 3-х полей
Джамшут redwfigvam 60	Почта не соответствует необходимому формату
Тролль!!!!1 tnkugfise@ya.ru 9	В поле имени присутствуют недопустимые символы
Ярослав!!!!1 mhfkmlfigvam 35	В поле имени присутствуют недопустимые символы
Земфира lgcrl 83	Почта не соответствует необходимому формату
Мария plogsfhjr@gmail.com 7	Возраст выходит за границы допустимого (либо введён не возраст)
Джигурда666 hirbb@ya.ru 14	В поле имени присутствуют недопустимые символы
37	Присутствует менее 3-х полей
Владимир	Присутствует менее 3-х полей
Ярослав zektqtg@ya.ru 100	Возраст выходит за границы допустимого (либо введён не возраст)
Ли fnz@ya.ru 7	Возраст выходит за границы допустимого (либо введён не возраст)
Ярослав jjeowwmen 75	Почта не соответствует необходимому формату
	Присутствует менее 3-х полей
Пенг qlxws@gmail.com 7	Возраст выходит за границы допустимого (либо введён не возраст)
Геннадий!!!!1 oqkolaurl@mail.ru 16	В поле имени присутствуют недопустимые символы
Владимир zwmnwxc 69	Почта не соответствует необходимому формату
Джигурда xoq@gmail.com 7	Возраст выходит за границы допустимого (либо введён не возраст)
Артём ucgzuvud@gmail.com 9	Возраст выходит за границы допустимого (либо введён не возраст)
Земфира 33 xavvzbe@mail.ru	Почта не соответствует необходимому формату
Гнойный666 dhqinljcm@ya.ru 86	В поле имени присутствуют недопустимые символы
	Присутствует менее 3-х полей
Степан doddcyqspo 86	Почта не соответствует необходимому формату
Пенг lfjzkftwfn@ya.ru 8	Возраст выходит за границы допустимого (либо введён не возраст)
Муммий kwsdchxc@mail.ru 8	Возраст выходит за границы допустимого (либо введён не возраст)
Пенг ycvfigvam 91	Почта не соответствует необходимому формату
Мария uslq@ya.ru 9	Возраст выходит за границы допустимого (либо введён не возраст)
Мария666 ax@ya.ru 10	В поле имени присутствуют недопустимые символы
Ольга666 xhpowfavv@mail.ru 16	В поле имени присутствуют недопустимые символы
	Присутствует менее 3-х полей
Степан btscwz@mail.ru 101	Возраст выходит за границы допустимого (либо введён не возраст)
51	Присутствует менее 3-х полей
	Присутствует менее 3-х полей
Чонгкун jiqwzjx 63	Почта не соответствует необходимому формату
Яочуан mtgjp@mail.ru 101	Возраст выходит за границы допустимого (либо введён не возраст)
Ольга aorfimupuq@ya.ru 100	Возраст выходит за границы допустимого (либо введён не возраст)
Равшан qwj@gmail.com 101	Возраст выходит за границы допустимого (либо введён не возраст)
Равшан!!!!1 ee@gmail.com 57	В поле имени присутствуют недопустимые символы
Бузова aquuftkrh@gmail.com	Присутствует менее 3-х полей
Геннадий 36 nfsxqtabzt@gmail.com	Почта не соответствует необходимому формату
Михаил hidos@gmail.com 101	Возраст выходит за границы допустимого (либо введён не возраст)
Михаил666 pvabwwymp@gmail.com 88	В поле имени присутствуют недопустимые символы
Нагиев666 xwnmfigvam 59	В поле имени присутствуют недопустимые символы
Муммий!!!!1 tsfowgyt@ya.ru 89	В поле имени присутствуют недопустимые символы
Равшан666 evayobrerz@mail.ru 52	В поле имени присутствуют недопустимые символы
	Присутствует менее 3-х полей
Нагиев 72 crek@ya.ru	Почта не соответствует необходимому формату
Тролль yauqsnry@gmail.com 9	Возраст выходит за границы допустимого (либо введён не возраст)
Сянцзян666 phdjniunaf@ya.ru 8	В поле имени присутствуют недопустимые символы
Хенг yneo@mail.ru 8	Возраст выходит за границы допустимого (либо введён не возраст)
Ли666 ga@gmail.com 46	В поле имени присутствуют недопустимые символы
Анна wkguvadej 8	Почта не соответствует необходимому формату
Равшан42 qrmfi@mail.ru 29	В поле имени присутствуют недопустимые символы
Волочкова 42 iqqkfxew@mail.ru	Почта не соответствует необходимому формату
Ольга42 eyplplbdvp@gmail.com 28	В поле имени присутствуют недопустимые символы
Земфира fnlsuuge 48	Почта не соответствует необходимому формату
Ли znfhr 44	Почта не соответствует необходимому формату
Гнойный 48 iwli@mail.ru	Почта не соответствует необходимому формату
Анна!!!!1 bqktw@gmail.com 65	В поле имени присутствуют недопустимые символы
Чехова rigd@ya.ru 7	Возраст выходит за границы допустимого (либо введён не возраст)
98 xp@mail.ru	Присутствует менее 3-х полей
Земфира 36 nffdhs@ya.ru	Почта не соответствует необходимому формату
Муммий 79	Присутствует менее 3-х полей
Волочкова42 toijyvt@gmail.com 7	В поле имени присутствуют недопустимые символы
Сянцзян kotbwuibd 39	Почта не соответствует необходимому формату
Нагиев zoz@mail.ru 9	Возраст выходит за границы допустимого (либо введён не возраст)
13 eqghsyv@ya.ru	Присутствует менее 3-х полей
Геннадий ogn@mail.ru 9	Возраст выходит за границы допустимого (либо введён не возраст)
Анна lyrzfigvam 50	Почта не соответствует необходимому формату
Ван!!!!1 dekbmeygdv@gmail.com 17	В поле имени присутствуют недопустимые символы
Артём 62 xaxwwtnhm	Почта не соответствует необходимому формату
Ольга uz@mail.ru 101	Возраст выходит за границы допустимого (либо введён не возраст)
Нагиев opru@mail.ru 100	Возраст выходит за границы допустимого (либо введён не возраст)
Равшан!!!!1 gfaefwi@gmail.com 79	В поле имени присутствуют недопустимые символы
65 iptmugr@mail.ru	Присутствует менее 3-х полей
Хенг	Присутствует менее 3-х полей
	Присутствует менее 3-х полей
Ли666 lyfmfp@ya.ru 96	В поле имени присутствуют недопустимые символы
Нагиев42 ym@mail.ru 27	В поле имени присутствуют недопустимые символы
Анна hffigvam 43	Почта не соответствует необходимому формату
Ван	Присутствует менее 3-х полей
Ярослав 63 sexveg@gmail.com	Почта не соответствует необходимому формату
Ольга!!!!1 cjujuc@ya.ru 35	В поле имени присутствуют недопустимые символы
Пенг loyfqih@mail.ru 7	Возраст выходит за границы допустимого (либо введён не возраст)
Равшан nkbkkxutvtfigvam 57	Почта не соответствует необходимому формату
Тролль	Присутствует менее 3-х полей
Дмитрий gdpplo@mail.ru 9	Возраст выходит за границы допустимого (либо введён не возраст)
Яочуан ulwxku@gmail.com 8	Возраст выходит за границы допустимого (либо введён не возраст)
Ван rtndt 79	Почта не соответствует необходимому формату
Ярослав qlqsfigvam 70	Почта не соответствует необходимому формату
Мария 72 dgsvr@ya.ru	Почта не соответствует необходимому формату
Волочкова666 fiyzyx@mail.ru 47	В поле имени присутствуют недопустимые символы
Артём hdgpkrw@ya.ru 100	Возраст выходит за границы допустимого (либо введён не возраст)
Джамшут666 bkuptdyvdz@ya.ru 61	В поле имени присутствуют недопустимые символы
Ли ofkclep@mail.ru 9	Возраст выходит за границы допустимого (либо введён не возраст)
Ольга666 mfjyl@mail.ru 22	В поле имени присутствуют недопустимые символы
Нагиев vqqufigvam 31	Почта не соответствует необходимому формату
Муммий!!!!1 qpodw@mail.ru 32	В поле имени присутствуют недопустимые символы
Владимир cnvfq@gmail.com 7	Возраст выходит за границы допустимого (либо введён не возраст)
Джигурда!!!!1 zrhuigzsnf@mail.ru 34	В поле имени присутствуют недопустимые символы
Джигурда orcpss@ya.ru 100	Возраст выходит за границы допустимого (либо введён не возраст)
Ли boguqbuu@gmail.com 7	Возраст выходит за границы допустимого (либо введён не возраст)
Мария mspjbfigvam 36	Почта не соответствует необходимому формату
Сянцзян	Присутствует менее 3-х полей
Равшан mdokjjrnvg@mail.ru 7	Возраст выходит за границы допустимого (либо введён не возраст)
Мария oig 76	Почта не соответствует необходимому формату
Волочкова oe@gmail.com 101	Возраст выходит за границы допустимого (либо введён не возраст)
	Присутствует менее 3-х полей
Ольга vocfyjidrb 20	Почта не соответствует необходимому формату
Тролль vrqgob@mail.ru 8	Возраст выходит за границы допустимого (либо введён не возраст)
Ли!!!!1 zhw@mail.ru 10	В поле имени присутствуют недопустимые символы
Хенг666 agjhusbkoe@gmail.com 33	В поле имени присутствуют недопустимые символы
Равшан42 ncmjadmmh@ya.ru 95	В поле имени присутствуют недопустимые символы
58 xomfg@mail.ru	Присутствует менее 3-х полей
Нагиев42 wara@mail.ru 24	В поле имени присутствуют недопустимые символы
Артём fyypnlxwa@mail.ru 8	Возраст выходит за границы допустимого (либо введён не возраст)
Анна uepiyqy@mail.ru 101	Возраст выходит за границы допустимого (либо введён не возраст)
Ярослав hhirwcetv 80	Почта не соответствует необходимому формату
Пенг mkuiungv@mail.ru 9	Возраст выходит за границы допустимого (либо введён не возраст)
Михаил666 iggl@ya.ru 78	В поле имени присутствуют недопустимые символы
Пенг fcj@gmail.com 101	Возраст выходит за границы допустимого (либо введён не возраст)
	Присутствует менее 3-х полей
Ольга!!!!1 lpqimz@mail.ru 72	В поле имени присутствуют недопустимые символы
Волочкова uajtxxoc@gmail.com 100	Возраст выходит за границы допустимого (либо введён не возраст)
31	Присутствует менее 3-х полей
Ван yrz.mail.ru 101	Возраст выходит за границы допустимого (либо введён не возраст)
Геннадий jlonbdf@mail.ru	Присутствует менее 3-х полей
Михаил!!!!1 dicke@ya.ru 97	В поле имени присутствуют недопустимые символы
Владимир xmwfayrc@ya.ru 8	Возраст выходит за границы допустимого (либо введён не возраст)
Яочуан bs@mail.ru 7	Возраст выходит за границы допустимого (либо введён не возраст)
Ярослав	Присутствует менее 3-х полей
Анна42 zcs@mail.ru 42	В поле имени присутствуют недопустимые символы
Муммий 90	Присутствует менее 3-х полей
Анна42 vhhwftfcg@mail.ru 53	В поле имени присутствуют недопустимые символы
Степан jjzi@mail.ru 7	Возраст выходит за границы допустимого (либо введён не возраст)
	Присутствует менее 3-х полей
Нагиев666 wteoex@mail.ru 9	В поле имени присутствуют недопустимые символы
81 nett@gmail.com	Присутствует менее 3-х полей
Дмитрий xb@ya.ru 100	Возраст выходит за границы допустимого (либо введён не возраст)
Муммий uiafigvam 62	Почта не соответствует необходимому формату
Хенг!!!!1 osyznzo@ya.ru 67	В поле имени присутствуют недопустимые символы
Сянцзян666 xregmycxtn@ya.ru 95	В поле имени присутствуют недопустимые символы
Ли lztfjuh 22	Почта не соответствует необходимому формату
Геннадий 94 xhuwmic@gmail.com	Почта не соответствует необходимому формату
	Присутствует менее 3-х полей
Гнойный udxi@gmail.com 101	Возраст выходит за границы допустимого (либо введён не возраст)
tq@mail.ru	Присутствует менее 3-х полей
Ольга ct@mail.ru 100	Возраст выходит за границы допустимого (либо введён не возраст)
Чонгкун42 qhedc@ya.ru 59	В поле имени присутствуют недопустимые символы
Геннадий42 aespu@mail.ru 97	В поле имени присутствуют недопустимые символы
Джигурда rn@gmail.com 8	Возраст выходит за границы допустимого (либо введён не возраст)
Тролль	Присутствует менее 3-х полей
Артём uhhdaycfigvam 18	Почта не соответствует необходимому формату
Дмитрий cbtewsu 100	Почта не соответствует необходимому формату
88 owmogsfi@ya.ru	Присутствует менее 3-х полей
Мария 8 yg@ya.ru	Почта не соответствует необходимому формату
Чехова lidxddaoqw@mail.ru 100	Возраст выходит за границы допустимого (либо введён не возраст)
Чонгкун tylquyseiz@gmail.com 100	Возраст выходит за границы допустимого (либо введён не возраст)
Бузова iok@gmail.com 8	Возраст выходит за границы допустимого (либо введён не возраст)
Чонгкун	Присутствует менее 3-х полей
Земфира	Присутствует менее 3-х полей
Геннадий zwf@gmail.com 100	Возраст выходит за границы допустимого (либо введён не возраст)
Нагиев 85 bzwdxvy@ya.ru	Почта не соответствует необходимому формату
Ли dgqm@mail.ru 8	Возраст выходит за границы допустимого (либо введён не возраст)
Мария ontqgx@mail.ru 100	Возраст выходит за границы допустимого (либо введён не возраст)
Мария deyzithaw@mail.ru 8	Возраст выходит за границы допустимого (либо введён не возраст)
Ван sadolr@ya.ru 101	Возраст выходит за границы допустимого (либо введён не возраст)
Степан kf@ya.ru 8	Возраст выходит за границы допустимого (либо введён не возраст)
Равшан wgusm@gmail.com 9	Возраст выходит за границы допустимого (либо введён не возраст)
	Присутствует менее 3-х полей
Земфира uwdvnli@mail.ru 8	Возраст выходит за границы допустимого (либо введён не возраст)
16	Присутствует менее 3-х полей
Артём42 su@ya.ru 26	В поле имени присутствуют недопустимые символы
86	Присутствует менее 3-х полей
Хенг edqh 20	Почта не соответствует необходимому формату
Анна 99 tqdylq@gmail.com	Почта не соответствует необходимому формату
Гнойный mvjcfigvam 52	Почта не соответствует необходимому формату
Геннадий666 baq@gmail.com 74	В поле имени присутствуют недопустимые символы
Гнойный esd 9	Почта не соответствует необходимому формату
Равшан666 tokg@gmail.com 25	В поле имени присутствуют недопустимые символы
42	Присутствует менее 3-х полей
Ли aeonyiu@mail.ru 9	Возраст выходит за границы допустимого (либо введён не возраст)
Яочуан si@gmail.com 7	Возраст выходит за границы допустимого (либо введён не возраст)
Степан!!!!1 dvac@gmail.com 94	В поле имени присутствуют недопустимые символы
Дмитрий 82 pqlmawawd@mail.ru	Почта не соответствует необходимому формату
Тролль sjxjgkmlq@ya.ru 8	Возраст выходит за границы допустимого (либо введён не возраст)
Мария!!!!1 xl@mail.ru 52	В поле имени присутствуют недопустимые символы
Дмитрий42 fbllfxosnn@mail.ru 94	В поле имени присутствуют недопустимые символы
Ли gnir@gmail.com 7	Возраст выходит за границы допустимого (либо введён не возраст)
Ольга ha@ya.ru 9	Возраст выходит за границы допустимого (либо введён не возраст)
Геннадий apttruc@gmail.com	Присутствует менее 3-х полей
Хенг gjmkdp@gmail.com 9	Возраст выходит за границы допустимого (либо введён не возраст)
Джигурда hsdu@ya.ru 101	Возраст выходит за границы допустимого (либо введён не возраст)
Гнойный666 qlv@gmail.com 12	В поле имени присутствуют недопустимые символы
Муммий pidjfftm@mail.ru 8	Возраст выходит за границы допустимого (либо введён не возраст)
Ярослав!!!!1 wu@gmail.com 31	В поле имени присутствуют недопустимые символы
Ярослав42 xec@gmail.com 62	В поле имени присутствуют недопустимые символы
Джамшут hpzoktyo@gmail.com 101	Возраст выходит за границы допустимого (либо введён не возраст)
Ольга 36 chh@mail.ru	Почта не соответствует необходимому формату
14	Присутствует менее 3-х полей
ibnwoguc@mail.ru	Присутствует менее 3-х полей
Ли nacdtxienb@mail.ru 100	Возраст выходит за границы допустимого (либо введён не возраст)
Анна cxkqato@mail.ru 8	Возраст выходит за границы допустимого (либо введён не возраст)
Чехова42 owayi@mail.ru 14	В поле имени присутствуют недопустимые символы
Чонгкун jrhsmdgbx@gmail.com 7	Возраст выходит за границы допустимого (либо введён не возраст)
Ярослав qo@mail.ru 9	Возраст выходит за границы допустимого (либо введён не возраст)
Анна sba@ya.ru 101	Возраст выходит за границы допустимого (либо введён не возраст)
Джамшут666 cckguhj@mail.ru 31	В поле имени присутствуют недопустимые символы
Бузова uppchfkyju@gmail.com 9	Возраст выходит за границы допустимого (либо введён не возраст)
Ярослав!!!!1 jf@ya.ru 62	В поле имени присутствуют недопустимые символы
Геннадий hjfdi.mail.ru 7	Возраст выходит за границы допустимого (либо введён не возраст)
Гнойный wr@mail.ru 7	Возраст выходит за границы допустимого (либо введён не возраст)
Бузова gmm@ya.ru 7	Возраст выходит за границы допустимого (либо введён не возраст)
Геннадий abtk 75	Почта не соответствует необходимому формату
Ярослав666 jeh 63	В поле имени присутствуют недопустимые символы
Михаил42 kzcp@mail.ru 78	В поле имени присутствуют недопустимые символы
Степан uftoobjxk@mail.ru 8	Возраст выходит за границы допустимого (либо введён не возраст)
Ли xfhjyoju@gmail.com 100	Возраст выходит за границы допустимого (либо введён не возраст)
Джигурда jxvtxvxwsfigvam 95	Почта не соответствует необходимому формату
Ли666 bqmybd@mail.ru 75	В поле имени присутствуют недопустимые символы
Дмитрий666 ezjv@gmail.com 21	В поле имени присутствуют недопустимые символы
Ван iaphxaoo@gmail.com 8	Возраст выходит за границы допустимого (либо введён не возраст)
Чонгкун mhkhqjhmx@gmail.com 7	Возраст выходит за границы допустимого (либо введён не возраст)
Яочуан ygdqxja@mail.ru 100	Возраст выходит за границы допустимого (либо введён не возраст)
Джамшут666 rndlsfo@gmail.com 12	В поле имени присутствуют недопустимые символы
Дмитрий dwymn 20	Почта не соответствует необходимому формату
Ярослав!!!!1 suldafigvam 92	В поле имени присутствуют недопустимые символы
Михаил hmjiuuvvhufigvam 32	Почта не соответствует необходимому формату
99 xyehgwzuu@gmail.com	Присутствует менее 3-х полей
66	Присутствует менее 3-х полей
Чонгкун mhycl@gmail.com 9	Возраст выходит за границы допустимого (либо введён не возраст)
Пенг vyoik@ya.ru 100	Возраст выходит за границы допустимого (либо введён не возраст)
Владимир rinftidh@ya.ru 101	Возраст выходит за границы допустимого (либо введён не возраст)
Муммий666 pd@mail.ru 87	В поле имени присутствуют недопустимые символы
Мария dpbpily@gmail.com 9	Возраст выходит за границы допустимого (либо введён не возраст)
yv@mail.ru	Присутствует менее 3-х полей
Владимир zrignrbba@gmail.com 8	Возраст выходит за границы допустимого (либо введён не возраст)
Яочуан vi.ru 101	Возраст выходит за границы допустимого (либо введён не возраст)
Ли42 nasa@gmail.com 20	В поле имени присутствуют недопустимые символы
Мария ixhn@ya.ru 100	Возраст выходит за границы допустимого (либо введён не возраст)
	Присутствует менее 3-х полей
Анна 85 elchvgwknw@gmail.com	Почта не соответствует необходимому формату
Бузова igr@ya.ru 8	Возраст выходит за границы допустимого (либо введён не возраст)
Яочуан ksufmcroha@gmail.com 101	Возраст выходит за границы допустимого (либо введён не возраст)
Хенг ngpoldldwl@ya.ru 100	Возраст выходит за границы допустимого (либо введён не возраст)
Чонгкун gq@ya.ru 7	Возраст выходит за границы допустимого (либо введён не возраст)
89 qhl@mail.ru	Присутствует менее 3-х полей
Яочуан iuth@ya.ru 8	Возраст выходит за границы допустимого (либо введён не возраст)
Равшан 39 icuzo@ya.ru	Почта не соответствует необходимому формату
Ольга666 sigmjeofjf@gmail.com 17	В поле имени присутствуют недопустимые символы
Мария yjuzmr@gmail.com 9	Возраст выходит за границы допустимого (либо введён не возраст)
Волочкова666 cgoivrmofg@gmail.com 81	В поле имени присутствуют недопустимые символы
Равшан666 nyx@ya.ru 60	В поле имени присутствуют недопустимые символы
Дмитрий xback@mail.ru 7	Возраст выходит за границы допустимого (либо введён не возраст)
Ли lc@ya.ru 9	Возраст выходит за границы допустимого (либо введён не возраст)
Земфира plslxirp@gmail.com 101	Возраст выходит за границы допустимого (либо введён не возраст)
Чехова ssdpstvvxi@gmail.com 7	Возраст выходит за границы допустимого (либо введён не возраст)
Ли pcnvxsf@ya.ru 100	Возраст выходит за границы допустимого (либо введён не возраст)
Джамшут666 bu@ya.ru 54	В поле имени присутствуют недопустимые символы
Джигурда ssecik@ya.ru 7	Возраст выходит за границы допустимого (либо введён не возраст)
Михаил!!!!1 ayfunbjvq@mail.ru 91	В поле имени присутствуют недопустимые символы
Степан 36 caye@ya.ru	Почта не соответствует необходимому формату
Дмитрий eyogojynek 26	Почта не соответствует необходимому формату
Чехова jtvxk 12	Почта не соответствует необходимому формату
oy@gmail.com	Присутствует менее 3-х полей
Артём iwkukwzt@ya.ru 8	Возраст выходит за границы допустимого (либо введён не возраст)
Волочкова kvy@ya.ru 101	Возраст выходит за границы допустимого (либо введён не возраст)
Сянцзян dgxpv 82	Почта не соответствует необходимому формату
Владимир42 ffkixmon@mail.ru 34	В поле имени присутствуют недопустимые символы
Равшан rsy@gmail.com 100	Возраст выходит за границы допустимого (либо введён не возраст)
Степан 23	Присутствует менее 3-х полей
Тролль mnycx@gmail.com 101	Возраст выходит за границы допустимого (либо введён не возраст)
Чехова42 lxfu@gmail.com 45	В поле имени присутствуют недопустимые символы
Ольга42 thhtgzm@ya.ru 45	В поле имени присутствуют недопустимые символы
Муммий42 mdtaqsikjf@ya.ru 12	В поле имени присутствуют недопустимые символы
Хенг crhsca@ya.ru 9	Возраст выходит за границы допустимого (либо введён не возраст)
Джамшут phlpzwfffigvam 33	Почта не соответствует необходимому формату
Ярослав	Присутствует менее 3-х полей
Геннадий cppmo@mail.ru 8	Возраст выходит за границы допустимого (либо введён не возраст)
Земфира!!!!1 efz@mail.ru 45	В поле имени присутствуют недопустимые символы
Ольга 86 zpawzdafft@gmail.com	Почта не соответствует необходимому формату
Михаил rtisohbr@mail.ru 101	Возраст выходит за границы допустимого (либо введён не возраст)
Бузова42 riltaol@gmail.com 31	В поле имени присутствуют недопустимые символы
Геннадий 73 jruoid@mail.ru	Почта не соответствует необходимому формату
xti@ya.ru	Присутствует менее 3-х полей
Михаил nktbmhacha@ya.ru 101	Возраст выходит за границы допустимого (либо введён не возраст)
23	Присутствует менее 3-х полей
Джигурда tjusruw@gmail.com 101	Возраст выходит за границы допустимого (либо введён не возраст)
oywlsbomiy@gmail.com	Присутствует менее 3-х полей
Геннадий dfmah@gmail.com	Присутствует менее 3-х полей
Анна rqcfigvam 58	Почта не соответствует необходимому формату
Геннадий gowp@ya.ru 9	Возраст выходит за границы допустимого (либо введён не возраст)
Яочуан hcfigvam 80	Почта не соответствует необходимому формату
Геннадий 55 ndb@ya.ru	Почта не соответствует необходимому формату
Ван zbubzr@gmail.com 7	Возраст выходит за границы допустимого (либо введён не возраст)
Ли 74 wgugrckxw@gmail.com	Почта не соответствует необходимому формату
Яочуан hgxwj@gmail.com 7	Возраст выходит за границы допустимого (либо введён не возраст)
Гнойный tygluu@gmail.com 9	Возраст выходит за границы допустимого (либо введён не возраст)
Джигурда666 mkogutwr@gmail.com 20	В поле имени присутствуют недопустимые символы
Геннадий666 jqw@ya.ru 58	В поле имени присутствуют недопустимые символы
Равшан mqg@mail.ru 7	Возраст выходит за границы допустимого (либо введён не возраст)
Мария fyqx@gmail.com 101	Возраст выходит за границы допустимого (либо введён не возраст)
Мария igqkc 56	Почта не соответствует необходимому формату
Тролль!!!!1 iboxbi@mail.ru 27	В поле имени присутствуют недопустимые символы
Ли xm@gmail.com 101	Возраст выходит за границы допустимого (либо введён не возраст)
Бузова666 ndoirzuht@gmail.com 35	В поле имени присутствуют недопустимые символы
	Присутствует менее 3-х полей
Ольга grctgo@mail.ru 101	Возраст выходит за границы допустимого (либо введён не возраст)
Ольга666 jkks@ya.ru 88	В поле имени присутствуют недопустимые символы
14 qjdyda@ya.ru	Присутствует менее 3-х полей
Хенг666 dbkxglrtr@gmail.com 20	В поле имени присутствуют недопустимые символы
Ван twypxwtnqs@ya.ru 8	Возраст выходит за границы допустимого (либо введён не возраст)
Ольга	Присутствует менее 3-х полей
Яочуан jqrvpik@gmail.com 8	Возраст выходит за границы допустимого (либо введён не возраст)
Ярослав nbpbn@ya.ru 100	Возраст выходит за границы допустимого (либо введён не возраст)
Пенг 18	Присутствует менее 3-х полей
Ван eqvzujpa@mail.ru 100	Возраст выходит за границы допустимого (либо введён не возраст)
Земфира666 mkxfbiglg@ya.ru 25	В поле имени присутствуют недопустимые символы
Ли vsrbknpi@gmail.com 101	Возраст выходит за границы допустимого (либо введён не возраст)
Волочкова42 jplbtuvok@mail.ru 39	В поле имени присутствуют недопустимые символы
Степан gggpaqbb 39	Почта не соответствует необходимому формату
Нагиев kdxmdjsfoq@gmail.com 7	Возраст выходит за границы допустимого (либо введён не возраст)
Геннадий 51 ngibl@ya.ru	Почта не соответствует необходимому формату
Ярослав!!!!1 xd@mail.ru 46	В поле имени присутствуют недопустимые символы
Михаил dmsckxsvkq@ya.ru 101	Возраст выходит за границы допустимого (либо введён не возраст)
Чонгкун qyrb 94	Почта не соответствует необходимому формату
Владимир txd@ya.ru 100	Возраст выходит за границы допустимого (либо введён не возраст)
Пенг42 jbxhywaw@gmail.com 94	В поле имени присутствуют недопустимые символы
Бузова 58	Присутствует менее 3-х полей
Бузова cpzofk@ya.ru 100	Возраст выходит за границы допустимого (либо введён не возраст)
Ольга666 ot@gmail.com 9	В поле имени присутствуют недопустимые символы
	Присутствует менее 3-х полей
	Присутствует менее 3-х полей
Тролль nohc@ya.ru 8	Возраст выходит за границы допустимого (либо введён не возраст)
Хенг42 tfglv@ya.ru 82	В поле имени присутствуют недопустимые символы
Мария666 sp@mail.ru 67	В поле имени присутствуют недопустимые символы
Тролль lpiqiywb@mail.ru 8	Возраст выходит за границы допустимого (либо введён не возраст)
Ольга alcdfigvam 75	Почта не соответствует необходимому формату
Равшан pdomev@gmail.com 8	Возраст выходит за границы допустимого (либо введён не возраст)
	Присутствует менее 3-х полей
Дмитрий!!!!1 ccoqjfx@mail.ru 15	В поле имени присутствуют недопустимые символы
Артём42 clcmztc@gmail.com 94	В поле имени присутствуют недопустимые символы
Сянцзян jyyw@ya.ru 7	Возраст выходит за границы допустимого (либо введён не возраст)
	Присутствует менее 3-х полей
Джамшут 86 mz@ya.ru	Почта не соответствует необходимому формату
Ольга vheltf 30	Почта не соответствует необходимому формату
Ольга tmstxptsw@gmail.com 101	Возраст выходит за границы допустимого (либо введён не возраст)
Бузова ipguhyopqfigvam 62	Почта не соответствует необходимому формату
Гнойный666 sjb@mail.ru 91	В поле имени присутствуют недопустимые символы
Чонгкун42 whw@gmail.com 71	В поле имени присутствуют недопустимые символы
Чехова42 ltcp@mail.ru 37	В поле имени присутствуют недопустимые символы
Ольга 90 nbyqfilr@ya.ru	Почта не соответствует необходимому формату
Ярослав guqnftm 91	Почта не соответствует необходимому формату
Джигурда pwvllwc@mail.ru 100	Возраст выходит за границы допустимого (либо введён не возраст)
Муммий!!!!1 ro@gmail.com 78	В поле имени присутствуют недопустимые символы
Муммий afch@gmail.com 100	Возраст выходит за границы допустимого (либо введён не возраст)
Муммий kxhupvl@mail.ru 8	Возраст выходит за границы допустимого (либо введён не возраст)
Владимир666 fuxy@ya.ru 13	В поле имени присутствуют недопустимые символы
Яочуан!!!!1 xgyph@ya.ru 73	В поле имени присутствуют недопустимые символы
Муммий yorphou@mail.ru 101	Возраст выходит за границы допустимого (либо введён не возраст)
Владимир jvgb@gmail.com 9	Возраст выходит за границы допустимого (либо введён не возраст)
Яочуан rmuqgtv 19	Почта не соответствует необходимому формату
Джамшут xkmcgp@gmail.com 100	Возраст выходит за границы допустимого (либо введён не возраст)
Джамшут zmlft@gmail.com 9	Возраст выходит за границы допустимого (либо введён не возраст)
Равшан dfzxjzqx@gmail.com 9	Возраст выходит за границы допустимого (либо введён не возраст)
Мария hktpu@ya.ru 7	Возраст выходит за границы допустимого (либо введён не возраст)
Муммий666 ghkzdxn@mail.ru 92	В поле имени присутствуют недопустимые символы
Владимир xstkvrskfigvam 75	Почта не соответствует необходимому формату
Михаил ity 41	Почта не соответствует необходимому формату
Хенг ijygcm@mail.ru	Присутствует менее 3-х полей
Тролль ydmqa 44	Почта не соответствует необходимому формату
Ярослав nylmbleako@gmail.com 7	Возраст выходит за границы допустимого (либо введён не возраст)
Муммий xjctubyfz@gmail.com 7	Возраст выходит за границы допустимого (либо введён не возраст)
Сянцзян xrcrvmblnw@ya.ru 9	Возраст выходит за границы допустимого (либо введён не возраст)
Джамшут666 dgbk@gmail.com 86	В поле имени присутствуют недопустимые символы
Равшан xsortwb@ya.ru 100	Возраст выходит за границы допустимого (либо введён не возраст)
Михаил ksfigvam 86	Почта не соответствует необходимому формату
	Присутствует менее 3-х полей
Равшан dp@gmail.com 7	Возраст выходит за границы допустимого (либо введён не возраст)
Равшан42 oztp@gmail.com 35	В поле имени присутствуют недопустимые символы
Пенг 91 sbkivwv@gmail.com	Почта не соответствует необходимому формату
Чонгкун bmybxiicj@mail.ru 100	Возраст выходит за границы допустимого (либо введён не возраст)
Анна gju@gmail.com 7	Возраст выходит за границы допустимого (либо введён не возраст)
Яочуан kmaqjfigvam 66	Почта не соответствует необходимому формату
Ольга 55 jym@mail.ru	Почта не соответствует необходимому формату
Волочкова hpn@gmail.com 9	Возраст выходит за границы допустимого (либо введён не возраст)
Чонгкун qduhwjj@mail.ru 9	Возраст выходит за границы допустимого (либо введён не возраст)
Чехова zbqjf@gmail.com 8	Возраст выходит за границы допустимого (либо введён не возраст)
Михаил666 jtczdhuvyu@mail.ru 87	В поле имени присутствуют недопустимые символы
Мария666 hcz@mail.ru 49	В поле имени присутствуют недопустимые символы
	Присутствует менее 3-х полей
Нагиев 34 xazkz@gmail.com	Почта не соответствует необходимому формату
Нагиев!!!!1 pekyd@ya.ru 59	В поле имени присутствуют недопустимые символы
Сянцзян ptuwk@mail.ru 101	Возраст выходит за границы допустимого (либо введён не возраст)
Степан pgunwi@gmail.com 101	Возраст выходит за границы допустимого (либо введён не возраст)
	Присутствует менее 3-х полей
Чехова dxkrhlt@mail.ru 8	Возраст выходит за границы допустимого (либо введён не возраст)
Ярослав 68 zyb.ru	Почта не соответствует необходимому формату
Артём avc@mail.ru 7	Возраст выходит за границы допустимого (либо введён не возраст)
Яочуан yevr@gmail.com 101	Возраст выходит за границы допустимого (либо введён не возраст)
Владимир 60 ldyuyv@gmail.com	Почта не соответствует необходимому формату
Геннадий666 dvgwstof@mail.ru 61	В поле имени присутствуют недопустимые символы
Тролль666 jwnlr@mail.ru 92	В поле имени присутствуют недопустимые символы
Ли mdwje@mail.ru 7	Возраст выходит за границы допустимого (либо введён не возраст)
Волочкова zruagjjubo@mail.ru 101	Возраст выходит за границы допустимого (либо введён не возраст)
Равшан 94 uhddv@ya.ru	Почта не соответствует необходимому формату
Сянцзян mcbq@mail.ru 7	Возраст выходит за границы допустимого (либо введён не возраст)
Ли	Присутствует менее 3-х полей
Анна bcmncsiazj@mail.ru 8	Возраст выходит за границы допустимого (либо введён не возраст)
Чехова cmedyzdmuf@ya.ru 8	Возраст выходит за границы допустимого (либо введён не возраст)
Ван swcpzgfqk@gmail.com 9	Возраст выходит за границы допустимого (либо введён не возраст)
Ли666 viperac@gmail.com 11	В поле имени присутствуют недопустимые символы
	Присутствует менее 3-х полей
Джигурда cazcggmh@mail.ru 101	Возраст выходит за границы допустимого (либо введён не возраст)
Ольга vmtulqovl@ya.ru 100	Возраст выходит за границы допустимого (либо введён не возраст)
Ван llrvnboy 82	Почта не соответствует необходимому формату
Бузова666 stwxu@ya.ru 82	В поле имени присутствуют недопустимые символы
Джамшут osi@ya.ru 101	Возраст выходит за границы допустимого (либо введён не возраст)
Джигурда xkfigvam 51	Почта не соответствует необходимому формату
Бузова666 rihao@mail.ru 91	В поле имени присутствуют недопустимые символы
Хенг666 fuznbykkpo@gmail.com 56	В поле имени присутствуют недопустимые символы
Артём42 eejjr@ya.ru 30	В поле имени присутствуют недопустимые символы
Ли lbrlgdc@gmail.com 101	Возраст выходит за границы допустимого (либо введён не возраст)
acesfkx	Присутствует менее 3-х полей
Ван ksjxcbk@gmail.com	Присутствует менее 3-х полей
Геннадий42 daflhhwdg@mail.ru 67	В поле имени присутствуют недопустимые символы
Степан 37	Присутствует менее 3-х полей
Тролль42 kqgwru@ya.ru 37	В поле имени присутствуют недопустимые символы
Геннадий ffr@ya.ru 7	Возраст выходит за границы допустимого (либо введён не возраст)
Хенг666 lwiirkclhq@ya.ru 29	В поле имени присутствуют недопустимые символы
Волочкова tdddmgika@ya.ru 9	Возраст выходит за границы допустимого (либо введён не возраст)
Хенг	Присутствует менее 3-х полей
Ли666 kphzoum@ya.ru 94	В поле имени присутствуют недопустимые символы
Чонгкун ycggmccqfigvam 7	Почта не соответствует необходимому формату
Ли42 wxexmgqlv@mail.ru 57	В поле имени присутствуют недопустимые символы
Михаил smihac@ya.ru 9	Возраст выходит за границы допустимого (либо введён не возраст)
Пенг42 jdknfivgid@ya.ru 24	В поле имени присутствуют недопустимые символы
Гнойный666 xjbx@gmail.com 78	В поле имени присутствуют недопустимые символы
Джигурда zmjc 45	Почта не соответствует необходимому формату
Земфира	Присутствует менее 3-х полей
99	Присутствует менее 3-х полей
Равшан yy@gmail.com 100	Возраст выходит за границы допустимого (либо введён не возраст)
	Присутствует менее 3-х полей
Владимир xas@ya.ru 101	Возраст выходит за границы допустимого (либо введён не возраст)
Нагиев gtckxtsg@gmail.com 8	Возраст выходит за границы допустимого (либо введён не возраст)
Владимир	Присутствует менее 3-х полей
Ольга 77	Присутствует менее 3-х полей
hbqvvgvyv@gmail.com	Присутствует менее 3-х полей
Степан jrahedkro.ru 100	Возраст выходит за границы допустимого (либо введён не возраст)
Анна frnm@ya.ru 9	Возраст выходит за границы допустимого (либо введён не возраст)
Ли rlobsdxnkm@ya.ru 101	Возраст выходит за границы допустимого (либо введён не возраст)
Ли zocmhhldtxfigvam 33	Почта не соответствует необходимому формату
Дмитрий dpado@ya.ru 101	Возраст выходит за границы допустимого (либо введён не возраст)
Сянцзян!!!!1 cqc@mail.ru 79	В поле имени присутствуют недопустимые символы
Нагиев zobbamthn@ya.ru	Присутствует менее 3-х полей
Артём pbxxpkp@mail.ru	Присутствует менее 3-х полей
Ольга swxjl@ya.ru	Присутствует менее 3-х полей
Михаил ogaptxrw 10	Почта не соответствует необходимому формату
Чехова ikkjvfigvam 83	Почта не соответствует необходимому формату
54	Присутствует менее 3-х полей
Михаил666 mavzyuda@gmail.com 61	В поле имени присутствуют недопустимые символы
Ольга 20 oja@ya.ru	Почта не соответствует необходимому формату
Сянцзян qvujdw@mail.ru 8	Возраст выходит за границы допустимого (либо введён не возраст)
Ли xinydgkyz	Присутствует менее 3-х полей
Дмитрий!!!!1 cfortxov@gmail.com 100	В поле имени присутствуют недопустимые символы
Пенг sojqh@mail.ru 100	Возраст выходит за границы допустимого (либо введён не возраст)
Ли 73	Присутствует менее 3-х полей
Муммий tdlgluv@mail.ru 8	Возраст выходит за границы допустимого (либо введён не возраст)
Пенг lm@ya.ru 100	Возраст выходит за границы допустимого (либо введён не возраст)
Пенг azomitvegl@mail.ru 101	Возраст выходит за границы допустимого (либо введён не возраст)
Пенг 41 hivhqztutj@ya.ru	Почта не соответствует необходимому формату
Геннадий ahmh@mail.ru 7	Возраст выходит за границы допустимого (либо введён не возраст)
Бузова khsfbnfigvam 10	Почта не соответствует необходимому формату
Пенг 12 epj@gmail.com	Почта не соответствует необходимому формату
Дмитрий ka 54	Почта не соответствует необходимому формату
Владимир uxo@mail.ru 8	Возраст выходит за границы допустимого (либо введён не возраст)
Ли mbshdfcuq@mail.ru 9	Возраст выходит за границы допустимого (либо введён не возраст)
	Присутствует менее 3-х полей
Пенг666 hsj@ya.ru 39	В поле имени присутствуют недопустимые символы
Равшан!!!!1 dvmncadh@ya.ru 50	В поле имени присутствуют недопустимые символы
Владимир pjrehnjr@gmail.com 8	Возраст выходит за границы допустимого (либо введён не возраст)
Земфира qnrfigvam 38	Почта не соответствует необходимому формату
jq@gmail.com	Присутствует менее 3-х полей
Хенг hqg@ya.ru 7	Возраст выходит за границы допустимого (либо введён не возраст)
Джамшут42 jfde@mail.ru 100	В поле имени присутствуют недопустимые символы
Джамшут qsjdks@gmail.com 101	Возраст выходит за границы допустимого (либо введён не возраст)
Равшан42 vcxkqxf@gmail.com 97	В поле имени присутствуют недопустимые символы
Геннадий gzrcyd@ya.ru 9	Возраст выходит за границы допустимого (либо введён не возраст)
Степан pvte@mail.ru 101	Возраст выходит за границы допустимого (либо введён не возраст)
Ли kzyqcs@ya.ru 100	Возраст выходит за границы допустимого (либо введён не возраст)
Волочкова qsuopb 21	Почта не соответствует необходимому формату
fpntrectkj@gmail.com	Присутствует менее 3-х полей
Ярослав rlfkb@mail.ru 9	Возраст выходит за границы допустимого (либо введён не возраст)
Равшан errdbsjifd@gmail.com 101	Возраст выходит за границы допустимого (либо введён не возраст)
	Присутствует менее 3-х полей
Ли rsfdutfigvam 23	Почта не соответствует необходимому формату
Сянцзян42 njn@gmail.com 12	В поле имени присутствуют недопустимые символы
Ярослав ureuoho@gmail.com 101	Возраст выходит за границы допустимого (либо введён не возраст)
Сянцзян vapnupu@ya.ru 100	Возраст выходит за границы допустимого (либо введён не возраст)
Владимир 26 tgovvpmv@ya.ru	Почта не соответствует необходимому формату
Михаил42 yrzsids@gmail.com 87	В поле имени присутствуют недопустимые символы
Чонгкун 22 uvb@mail.ru	Почта не соответствует необходимому формату
	Присутствует менее 3-х полей
Анна tgfxv@ya.ru 100	Возраст выходит за границы допустимого (либо введён не возраст)
Ольга 37 gq@mail.ru	Почта не соответствует необходимому формату
Артём42 fczwr@gmail.com 48	В поле имени присутствуют недопустимые символы
Нагиев 46 ptqls@ya.ru	Почта не соответствует необходимому формату
Джигурда ztummrmgo@mail.ru 7	Возраст выходит за границы допустимого (либо введён не возраст)
Нагиев!!!!1 xwrvlg@ya.ru 78	В поле имени присутствуют недопустимые символы
Хенг!!!!1 cblioh@mail.ru 34	В поле имени присутствуют недопустимые символы
47	Присутствует менее 3-х полей
Анна666 fsfop@mail.ru 58	В поле имени присутствуют недопустимые символы
Джигурда!!!!1 isgmd@gmail.com 99	В поле имени присутствуют недопустимые символы
Чехова	Присутствует менее 3-х полей
Тролль spdkqaktn@ya.ru 9	Возраст выходит за границы допустимого (либо введён не возраст)
Ярослав xpkehoe@gmail.com 8	Возраст выходит за границы допустимого (либо введён не возраст)
Ольга xwyvp@ya.ru 8	Возраст выходит за границы допустимого (либо введён не возраст)
Степан gd@ya.ru 9	Возраст выходит за границы допустимого (либо введён не возраст)
Пенг42 wouu@ya.ru 31	В поле имени присутствуют недопустимые символы
Джамшут 31	Присутствует менее 3-х полей
Хенг 58 ebsip@gmail.com	Почта не соответствует необходимому формату
Волочкова666 iooulyqpni@mail.ru 42	В поле имени присутствуют недопустимые символы
Гнойный kesd@mail.ru 100	Возраст выходит за границы допустимого (либо введён не возраст)
Равшан ubznniijoz@gmail.com 8	Возраст выходит за границы допустимого (либо введён не возраст)
Анна obdw@mail.ru 100	Возраст выходит за границы допустимого (либо введён не возраст)
Ли 12 lpe@gmail.com	Почта не соответствует необходимому формату
Ольга 44 rwrakjr@gmail.com	Почта не соответствует необходимому формату
Тролль hgtc@gmail.com 101	Возраст выходит за границы допустимого (либо введён не возраст)
Артём afbd@mail.ru 101	Возраст выходит за границы допустимого (либо введён не возраст)
Муммий	Присутствует менее 3-х полей
Геннадий666 fkz@mail.ru 7	В поле имени присутствуют недопустимые символы
	Присутствует менее 3-х полей
Земфира42 ydcmpreuzy@ya.ru 55	В поле имени присутствуют недопустимые символы
Степан byjxrtlc@gmail.com 9	Возраст выходит за границы допустимого (либо введён не возраст)
Нагиев!!!!1 knxrnmi@ya.ru 18	В поле имени присутствуют недопустимые символы
Сянцзян42 xz@ya.ru 18	В поле имени присутствуют недопустимые символы
Мария qact@mail.ru 9	Возраст выходит за границы допустимого (либо введён не возраст)
Михаил jpcoyszthd@mail.ru 9	Возраст выходит за границы допустимого (либо введён не возраст)
Геннадий fhi@ya.ru 101	Возраст выходит за границы допустимого (либо введён не возраст)
Ван zqtcknx@gmail.com 101	Возраст выходит за границы допустимого (либо введён не возраст)
Чехова42 owfqdurm@gmail.com 54	В поле имени присутствуют недопустимые символы
Дмитрий jh@ya.ru 7	Возраст выходит за границы допустимого (либо введён не возраст)
	Присутствует менее 3-х полей
Анна666 zlofysrqh@gmail.com 88	В поле имени присутствуют недопустимые символы
Земфира666 ckgpqmeryl@gmail.com 67	В поле имени присутствуют недопустимые символы
Геннадий 22 anqexnqa@ya.ru	Почта не соответствует необходимому формату
Владимир666 mgb@ya.ru 59	В поле имени присутствуют недопустимые символы
Нагиев lntfigvam 101	Почта не соответствует необходимому формату
Джигурда uaz@gmail.com 8	Возраст выходит за границы допустимого (либо введён не возраст)
Анна pqhgfwigty@mail.ru 7	Возраст выходит за границы допустимого (либо введён не возраст)
Джигурда fs@ya.ru 101	Возраст выходит за границы допустимого (либо введён не возраст)
Ли mfxvkzt@ya.ru 8	Возраст выходит за границы допустимого (либо введён не возраст)
Ольга hmmrfigvam 88	Почта не соответствует необходимому формату
Анна qqsjrtws@mail.ru 100	Возраст выходит за границы допустимого (либо введён не возраст)
Нагиев42 lfsisf@ya.ru 36	В поле имени присутствуют недопустимые символы
Ли pfcr@ya.ru 101	Возраст выходит за границы допустимого (либо введён не возраст)
Ярослав pmibrp@ya.ru 101	Возраст выходит за границы допустимого (либо введён не возраст)
Дмитрий!!!!1 mtn@gmail.com 53	В поле имени присутствуют недопустимые символы
Тролль hzpxkklxaa@ya.ru 101	Возраст выходит за границы допустимого (либо введён не возраст)
Ван wreyyazwj@ya.ru 101	Возраст выходит за границы допустимого (либо введён не возраст)
Сянцзян 101	Присутствует менее 3-х полей
Муммий zoxml 68	Почта не соответствует необходимому формату
Ван ysnemx@gmail.com 7	Возраст выходит за границы допустимого (либо введён не возраст)
Чехова blwlpw 73	Почта не соответствует необходимому формату
Дмитрий ddfljsbst@gmail.com 9	Возраст выходит за границы допустимого (либо введён не возраст)
Артём affbrmzi@mail.ru 8	Возраст выходит за границы допустимого (либо введён не возраст)
Хенг!!!!1 ploqax@mail.ru 90	В поле имени присутствуют недопустимые символы
10 kfkzlg@mail.ru	Присутствует менее 3-х полей
Владимир gfltut@gmail.com 8	Возраст выходит за границы допустимого (либо введён не возраст)
Ярослав qvbiichydh 27	Почта не соответствует необходимому формату
Пенг vvzxlrgg@ya.ru 100	Возраст выходит за границы допустимого (либо введён не возраст)
Владимир naciwer@gmail.com 8	Возраст выходит за границы допустимого (либо введён не возраст)
Земфира kebiiemny@ya.ru 101	Возраст выходит за границы допустимого (либо введён не возраст)
Ван bptghqopkc@gmail.com 101	Возраст выходит за границы допустимого (либо введён не возраст)
Владимир kpiefigvam 18	Почта не соответствует необходимому формату
Ярослав qglqvcgo 43	Почта не соответствует необходимому формату
	Присутствует менее 3-х полей
Нагиев666 ykj@gmail.com 18	В поле имени присутствуют недопустимые символы
Бузова 21 yixcbjtl@ya.ru	Почта не соответствует необходимому формату
Джигурда42 hwf@mail.ru 85	В поле имени присутствуют недопустимые символы
Ольга666 yiykos@mail.ru 23	В поле имени присутствуют недопустимые символы
Тролль42 kakcexaoto.ru 98	В поле имени присутствуют недопустимые символы
Дмитрий42 oghektepxm@ya.ru 51	В поле имени присутствуют недопустимые символы
Волочкова erem@ya.ru 101	Возраст выходит за границы допустимого (либо введён не возраст)
Ван pvexq@ya.ru 101	Возраст выходит за границы допустимого (либо введён не возраст)
Джамшут666 mhun@ya.ru 83	В поле имени присутствуют недопустимые символы
Степан 9	Присутствует менее 3-х полей
Сянцзян kemwofigvam 80	Почта не соответствует необходимому формату
Равшан rrm@ya.ru 101	Возраст выходит за границы допустимого (либо введён не возраст)
Гнойный666 ckxy@mail.ru 98	В поле имени присутствуют недопустимые символы
Ли alravwh@gmail.com 8	Возраст выходит за границы допустимого (либо введён не возраст)
Пенг 49	Присутствует менее 3-х полей
Степан mijnf@gmail.com 9	Возраст выходит за границы допустимого (либо введён не возраст)
	Присутствует менее 3-х полей
Михаил666 tlgrqqw@ya.ru 51	В поле имени присутствуют недопустимые символы
Ли 30 shgijkhj@ya.ru	Почта не соответствует необходимому формату
Артём jqvuaztxdufigvam 41	Почта не соответствует необходимому формату
Яочуан	Присутствует менее 3-х полей
Дмитрий qxkuijl 73	Почта не соответствует необходимому формату
Тролль!!!!1 zylxlgct@gmail.com 17	В поле имени присутствуют недопустимые символы
lpr@gmail.com	Присутствует менее 3-х полей
Пенг hwgiiv@gmail.com 9	Возраст выходит за границы допустимого (либо введён не возраст)
Муммий42 jhvwrdquj@gmail.com 60	В поле имени присутствуют недопустимые символы
Джигурда ohjtabz@ya.ru 8	Возраст выходит за границы допустимого (либо введён не возраст)
Ван666 ggdwflel@mail.ru 74	В поле имени присутствуют недопустимые символы
Равшан mnyqvc@ya.ru	Присутствует менее 3-х полей
Равшан bui 81	Почта не соответствует необходимому формату
Ван	Присутствует менее 3-х полей
Чехова42 mf@ya.ru 64	В поле имени присутствуют недопустимые символы
Михаил	Присутствует менее 3-х полей
Мария jg@mail.ru 7	Возраст выходит за границы допустимого (либо введён не возраст)
Пенг wmdcuhomzg@gmail.com 7	Возраст выходит за границы допустимого (либо введён не возраст)
Ольга kdxkedpoql@mail.ru 7	Возраст выходит за границы допустимого (либо введён не возраст)
Артём!!!!1 qinssdk@ya.ru 32	В поле имени присутствуют недопустимые символы
Земфира kkroewjxde@ya.ru 100	Возраст выходит за границы допустимого (либо введён не возраст)
Чехова wtgyeyaoby@gmail.com 7	Возраст выходит за границы допустимого (либо введён не возраст)
Михаил ymmoepdgd@ya.ru 7	Возраст выходит за границы допустимого (либо введён не возраст)
Дмитрий 53 js@mail.ru	Почта не соответствует необходимому формату
	Присутствует менее 3-х полей
Михаил bcjpxcnlo@gmail.com 8	Возраст выходит за границы допустимого (либо введён не возраст)
Муммий!!!!1 hjithai@gmail.com 67	В поле имени присутствуют недопустимые символы
Мария 69 ombx@ya.ru	Почта не соответствует необходимому формату
Земфира wamfb@gmail.com 7	Возраст выходит за границы допустимого (либо введён не возраст)
Дмитрий mnfyuda 63	Почта не соответствует необходимому формату
Ли42 luyqxgeegp@gmail.com 88	В поле имени присутствуют недопустимые символы
Джамшут42 ktkajqsi@ya.ru 15	В поле имени присутствуют недопустимые символы
Чонгкун 43 joakkqrec@gmail.com	Почта не соответствует необходимому формату
Равшан42 hp@mail.ru 87	В поле имени присутствуют недопустимые символы
Волочкова nn@ya.ru 101	Возраст выходит за границы допустимого (либо введён не возраст)
14 ooxxpscf@mail.ru	Присутствует менее 3-х полей
Тролль ohnf@ya.ru 101	Возраст выходит за границы допустимого (либо введён не возраст)
Владимир pxlqrob@ya.ru	Присутствует менее 3-х полей
Мария edzii@ya.ru 100	Возраст выходит за границы допустимого (либо введён не возраст)
Земфира bj@ya.ru	Присутствует менее 3-х полей
Дмитрий 58	Присутствует менее 3-х полей
	Присутствует менее 3-х полей
Ли666 qrjdpmy@mail.ru 96	В поле имени присутствуют недопустимые символы
Степан666 jvxqidcl@gmail.com 31	В поле имени присутствуют недопустимые символы
Чонгкун ajwdvtf@mail.ru 7	Возраст выходит за границы допустимого (либо введён не возраст)
Ван ssrypdn@ya.ru 101	Возраст выходит за границы допустимого (либо введён не возраст)
Бузова bm@gmail.com 100	Возраст выходит за границы допустимого (либо введён не возраст)
Чехова goic@mail.ru 101	Возраст выходит за границы допустимого (либо введён не возраст)
Яочуан666 dbgbcbq@gmail.com 67	В поле имени присутствуют недопустимые символы
Чонгкун!!!!1 qembh@ya.ru 91	В поле имени присутствуют недопустимые символы
Равшан tmybye@gmail.com 100	Возраст выходит за границы допустимого (либо введён не возраст)
21 ojuqqls@mail.ru	Присутствует менее 3-х полей
	Присутствует менее 3-х полей
Джигурда hqjpqiuh@gmail.com 7	Возраст выходит за границы допустимого (либо введён не возраст)
Яочуан ypujo@mail.ru 9	Возраст выходит за границы допустимого (либо введён не возраст)
Волочкова!!!!1 ln@ya.ru 66	В поле имени присутствуют недопустимые символы
Артём 64 pmcjigwzx@ya.ru	Почта не соответствует необходимому формату
Геннадий wskie@gmail.com 8	Возраст выходит за границы допустимого (либо введён не возраст)
Муммий nmwfzhopkrfigvam 34	Почта не соответствует необходимому формату
Пенг42 dqcph@mail.ru 37	В поле имени присутствуют недопустимые символы
	Присутствует менее 3-х полей
91	Присутствует менее 3-х полей
Геннадий 57 qha@ya.ru	Почта не соответствует необходимому формату
Волочкова42 cal@ya.ru 95	В поле имени присутствуют недопустимые символы
40 utgz@ya.ru	Присутствует менее 3-х полей
Сянцзян42 te@gmail.com 93	В поле имени присутствуют недопустимые символы
Муммий42 fhtyashoe@ya.ru 93	В поле имени присутствуют недопустимые символы
	Присутствует менее 3-х полей
Джигурда 79 lsifigvam	Почта не соответствует необходимому формату
Геннадий zoonmmm@ya.ru 101	Возраст выходит за границы допустимого (либо введён не возраст)
Анна rpumuguesa@mail.ru 101	Возраст выходит за границы допустимого (либо введён не возраст)
Мария!!!!1 gqxmebqau@mail.ru 50	В поле имени присутствуют недопустимые символы
Земфира pntiproy@gmail.com 7	Возраст выходит за границы допустимого (либо введён не возраст)
Джамшут ubbcxo@mail.ru 7	Возраст выходит за границы допустимого (либо введён не возраст)
Земфира timjdfxxb@mail.ru 100	Возраст выходит за границы допустимого (либо введён не возраст)
Ван42 tf@mail.ru 52	В поле имени присутствуют недопустимые символы
qxibm@gmail.com	Присутствует менее 3-х полей
	Присутствует менее 3-х полей
Дмитрий!!!!1 dbow@gmail.com 70	В поле имени присутствуют недопустимые символы
Дмитрий unkl@mail.ru 100	Возраст выходит за границы допустимого (либо введён не возраст)
Джамшут 51 maoqhoiq@mail.ru	Почта не соответствует необходимому формату
Муммий tmwj@gmail.com 7	Возраст выходит за границы допустимого (либо введён не возраст)
Муммий oxtxopwnrjfigvam 18	Почта не соответствует необходимому формату
Нагиев42 lrapsu@gmail.com 35	В поле имени присутствуют недопустимые символы
Сянцзян fem@mail.ru 7	Возраст выходит за границы допустимого (либо введён не возраст)
Ли42 rrqqqij@mail.ru 70	В поле имени присутствуют недопустимые символы
Дмитрий mvqwrord@gmail.com 7	Возраст выходит за границы допустимого (либо введён не возраст)
Артём 43 dnp@ya.ru	Почта не соответствует необходимому формату
Хенг aw@gmail.com 9	Возраст выходит за границы допустимого (либо введён не возраст)
Ярослав ueww@mail.ru 100	Возраст выходит за границы допустимого (либо введён не возраст)
Ярослав vytzy@gmail.com 101	Возраст выходит за границы допустимого (либо введён не возраст)
	Присутствует менее 3-х полей
	Присутствует менее 3-х полей
	Присутствует менее 3-х полей
Владимир 28 an@mail.ru	Почта не соответствует необходимому формату
Гнойный yfucubanov@ya.ru 101	Возраст выходит за границы допустимого (либо введён не возраст)
Бузова666 puhl@mail.ru 66	В поле имени присутствуют недопустимые символы
Владимир pazefbeg@mail.ru 8	Возраст выходит за границы допустимого (либо введён не возраст)
Мария ihvi@mail.ru 8	Возраст выходит за границы допустимого (либо введён не возраст)
Степан ayrjjzed@mail.ru 100	Возраст выходит за границы допустимого (либо введён не возраст)
45	Присутствует менее 3-х полей
Чехова rvrscke@gmail.com 101	Возраст выходит за границы допустимого (либо введён не возраст)
79 uybshtbgyy@gmail.com	Присутствует менее 3-х полей
Михаил 44	Присутствует менее 3-х полей
Муммий42 pawd@mail.ru 74	В поле имени присутствуют недопустимые символы
Ли vf@ya.ru 101	Возраст выходит за границы допустимого (либо введён не возраст)
	Присутствует менее 3-х полей
Владимир vbvzuilfiw@mail.ru 8	Возраст выходит за границы допустимого (либо введён не возраст)
25	Присутствует менее 3-х полей
Ярослав666 fuxp@gmail.com 12	В поле имени присутствуют недопустимые символы
Равшан qfkqfigvam 82	Почта не соответствует необходимому формату
Мария666 st@mail.ru 91	В поле имени присутствуют недопустимые символы
Михаил 40 aymkhugwng@mail.ru	Почта не соответствует необходимому формату
sigaezard@gmail.com	Присутствует менее 3-х полей
Муммий 25 xmxdjgk@gmail.com	Почта не соответствует необходимому формату
Муммий!!!!1 wjplpskc@mail.ru 14	В поле имени присутствуют недопустимые символы
	Присутствует менее 3-х полей
Артём ueebpkyfigvam 80	Почта не соответствует необходимому формату
Земфира gwihlyfy@gmail.com 101	Возраст выходит за границы допустимого (либо введён не возраст)
	Присутствует менее 3-х полей
Яочуан hilxryf@gmail.com 101	Возраст выходит за границы допустимого (либо введён не возраст)
Хенг opcaffkfigvam 38	Почта не соответствует необходимому формату
Чонгкун42 furhqlmdf@mail.ru 31	В поле имени присутствуют недопустимые символы
Сянцзян qdvz@gmail.com 8	Возраст выходит за границы допустимого (либо введён не возраст)
Степан!!!!1 vuieqxn@mail.ru 79	В поле имени присутствуют недопустимые символы
Муммий cdssxrpfigvam 26	Почта не соответствует необходимому формату
Пенг!!!!1 jsatsc@mail.ru 70	В поле имени присутствуют недопустимые символы
Тролль tqqr 55	Почта не соответствует необходимому формату
Пенг fdlpdijbwn@ya.ru 100	Возраст выходит за границы допустимого (либо введён не возраст)
Владимир42 pc@ya.ru 68	В поле имени присутствуют недопустимые символы
	Присутствует менее 3-х полей
Артём bphgql@ya.ru 9	Возраст выходит за границы допустимого (либо введён не возраст)
Артём cnbkekcprn@gmail.com 101	Возраст выходит за границы допустимого (либо введён не возраст)
Дмитрий666 ktflybe@gmail.com 28	В поле имени присутствуют недопустимые символы
Земфира!!!!1 bb@mail.ru 13	В поле имени присутствуют недопустимые символы
Ольга!!!!1 estofkaeg@gmail.com 93	В поле имени присутствуют недопустимые символы
Земфира knzuvzxjbz@mail.ru 9	Возраст выходит за границы допустимого (либо введён не возраст)
Гнойный 79	Присутствует менее 3-х полей
Ли unubujw@ya.ru 9	Возраст выходит за границы допустимого (либо введён не возраст)
	Присутствует менее 3-х полей
65 ms@ya.ru	Присутствует менее 3-х полей
Тролль knnuahehn@mail.ru 7	Возраст выходит за границы допустимого (либо введён не возраст)
Яочуан42 fwu@gmail.com 80	В поле имени присутствуют недопустимые символы
Ольга666 afxahwgcma@ya.ru 98	В поле имени присутствуют недопустимые символы
Джамшут ocvignginp@mail.ru 100	Возраст выходит за границы допустимого (либо введён не возраст)
Яочуан wieyfigvam 64	Почта не соответствует необходимому формату
Ван!!!!1 sqceyont@ya.ru 24	В поле имени присутствуют недопустимые символы
Сянцзян khvkdpeo@mail.ru 9	Возраст выходит за границы допустимого (либо введён не возраст)
	Присутствует менее 3-х полей
Сянцзян666 fycwqkqdmu@gmail.com 74	В поле имени присутствуют недопустимые символы
Геннадий tylyk.ru 101	Возраст выходит за границы допустимого (либо введён не возраст)
Нагиев666 vguk@ya.ru 42	В поле имени присутствуют недопустимые символы
Анна hgedd@ya.ru 101	Возраст выходит за границы допустимого (либо введён не возраст)
Бузова 61	Присутствует менее 3-х полей
Ван ascadyoz@gmail.com 101	Возраст выходит за границы допустимого (либо введён не возраст)
Нагиев kgfa 98	Почта не соответствует необходимому формату
Земфира666 imgbvdy@mail.ru 82	В поле имени присутствуют недопустимые символы
31 vx@gmail.com	Присутствует менее 3-х полей
Тролль yqspypob@gmail.com 9	Возраст выходит за границы допустимого (либо введён не возраст)
	Присутствует менее 3-х полей
Анна42 hyrlnugixsfigvam 42	В поле имени присутствуют недопустимые символы
Ольга	Присутствует менее 3-х полей
Геннадий666 hlfrxbq@ya.ru 38	В поле имени присутствуют недопустимые символы
Степан!!!!1 haudkniw@ya.ru 97	В поле имени присутствуют недопустимые символы
Дмитрий rkycgpt@mail.ru 100	Возраст выходит за границы допустимого (либо введён не возраст)
Пенг666 lcxemzac@gmail.com 28	В поле имени присутствуют недопустимые символы
Ли!!!!1 izok@mail.ru 78	В поле имени присутствуют недопустимые символы
Михаил666 ci@mail.ru 28	В поле имени присутствуют недопустимые символы
Бузова42 utzeyox@gmail.com 49	В поле имени присутствуют недопустимые символы
Яочуан666 pstkv@gmail.com 74	В поле имени присутствуют недопустимые символы
	Присутствует менее 3-х полей
59	Присутствует менее 3-х полей
19 mwsfzxffo@mail.ru	Присутствует менее 3-х полей
Геннадий lgquvjrajh@mail.ru 9	Возраст выходит за границы допустимого (либо введён не возраст)
Ли fjg@gmail.com 9	Возраст выходит за границы допустимого (либо введён не возраст)
Тролль zbma@ya.ru 9	Возраст выходит за границы допустимого (либо введён не возраст)
101	Присутствует менее 3-х полей
Геннадий eqnfdntfigvam 17	Почта не соответствует необходимому формату
Муммий!!!!1 maybgyk@ya.ru 29	В поле имени присутствуют недопустимые символы
Гнойный atnzrka@gmail.com 9	Возраст выходит за границы допустимого (либо введён не возраст)
Пенг666 ct@gmail.com 15	В поле имени присутствуют недопустимые символы
Ярослав vaftsheeit@ya.ru 100	Возраст выходит за границы допустимого (либо введён не возраст)
Тролль!!!!1 hwvpj@gmail.com 101	В поле имени присутствуют недопустимые символы
Мария!!!!1 xoaedtfw@gmail.com 58	В поле имени присутствуют недопустимые символы
Степан np@ya.ru 8	Возраст выходит за границы допустимого (либо введён не возраст)
Пенг dqlvzgzxu 50	Почта не соответствует необходимому формату
Муммий zu@ya.ru 8	Возраст выходит за границы допустимого (либо введён не возраст)
Хенг salvyr 44	Почта не соответствует необходимому формату
Земфира gidfsotke@mail.ru	Присутствует менее 3-х полей
Владимир qzf@mail.ru 101	Возраст выходит за границы допустимого (либо введён не возраст)
Ли hovojhicdh@gmail.com 9	Возраст выходит за границы допустимого (либо введён не возраст)
Чехова icfigvam 36	Почта не соответствует необходимому формату
Дмитрий worhalkv@ya.ru 8	Возраст выходит за границы допустимого (либо введён не возраст)
Джамшут toycr@gmail.com 100	Возраст выходит за границы допустимого (либо введён не возраст)
Волочкова bhihrlbxu@ya.ru 101	Возраст выходит за границы допустимого (либо введён не возраст)
Ольга42 jlp@gmail.com 51	В поле имени присутствуют недопустимые символы
Степан zjmjfigvam 64	Почта не соответствует необходимому формату
Ли 63 ijy@mail.ru	Почта не соответствует необходимому формату
Бузова42 ektbpz@gmail.com 26	В поле имени присутствуют недопустимые символы
Тролль 57 xvl@mail.ru	Почта не соответствует необходимому формату
Равшан sqbfbr@ya.ru 8	Возраст выходит за границы допустимого (либо введён не возраст)
Сянцзян666 eg@gmail.com 19	В поле имени присутствуют недопустимые символы
	Присутствует менее 3-х полей
Джигурда ti 9	Почта не соответствует необходимому формату
Чехова trzmfalpx@ya.ru 9	Возраст выходит за границы допустимого (либо введён не возраст)
Яочуан42 ytxttprtyu@mail.ru 84	В поле имени присутствуют недопустимые символы
Ольга vwujloyv 99	Почта не соответствует необходимому формату
Ван ewqk@mail.ru 9	Возраст выходит за границы допустимого (либо введён не возраст)
Нагиев 43 iiodjj@gmail.com	Почта не соответствует необходимому формату
86	Присутствует менее 3-х полей
Ольга inblsue@mail.ru 7	Возраст выходит за границы допустимого (либо введён не возраст)
27	Присутствует менее 3-х полей
Ван42 tycx@gmail.com 81	В поле имени присутствуют недопустимые символы
Равшан szippc@mail.ru 101	Возраст выходит за границы допустимого (либо введён не возраст)
	Присутствует менее 3-х полей
Михаил666 gsgzqswkp@ya.ru 60	В поле имени присутствуют недопустимые символы
Степан pulcbsxuf 21	Почта не соответствует необходимому формату
Геннадий!!!!1 ulffna@gmail.com 74	В поле имени присутствуют недопустимые символы
Артём!!!!1 neuxmabtmm@mail.ru 94	В поле имени присутствуют недопустимые символы
Гнойный xzddpgpg@ya.ru 100	Возраст выходит за границы допустимого (либо введён не возраст)
	Присутствует менее 3-х полей
Волочкова faagm@ya.ru 101	Возраст выходит за границы допустимого (либо введён не возраст)
Дмитрий db@gmail.com 100	Возраст выходит за границы допустимого (либо введён не возраст)
Геннадий elppvyupu@mail.ru 8	Возраст выходит за границы допустимого (либо введён не возраст)
34 myr@mail.ru	Присутствует менее 3-х полей
Геннадий!!!!1 spgooa@ya.ru 82	В поле имени присутствуют недопустимые символы
Яочуан wlstx@gmail.com 100	Возраст выходит за границы допустимого (либо введён не возраст)
Ольга orxjlqh@gmail.com 100	Возраст выходит за границы допустимого (либо введён не возраст)
Яочуан666 mce@mail.ru 25	В поле имени присутствуют недопустимые символы
Сянцзян 97 vx@gmail.com	Почта не соответствует необходимому формату
Ольга bfym@ya.ru 100	Возраст выходит за границы допустимого (либо введён не возраст)
45	Присутствует менее 3-х полей
	Присутствует менее 3-х полей
Ярослав irdmrg@mail.ru 9	Возраст выходит за границы допустимого (либо введён не возраст)
Чехова gwytfo@ya.ru 8	Возраст выходит за границы допустимого (либо введён не возраст)
Михаил aattyffigvam 34	Почта не соответствует необходимому формату
Тролль qcwjvtn 26	Почта не соответствует необходимому формату
Джигурда	Присутствует менее 3-х полей
	Присутствует менее 3-х полей
Ли beolypulk@mail.ru 100	Возраст выходит за границы допустимого (либо введён не возраст)
Владимир iyxmijs@ya.ru 101	Возраст выходит за границы допустимого (либо введён не возраст)
Нагиев jutgyl@mail.ru 8	Возраст выходит за границы допустимого (либо введён не возраст)
Джигурда42 mbosuaobcn@ya.ru 33	В поле имени присутствуют недопустимые символы
Пенг pnsxg@ya.ru 9	Возраст выходит за границы допустимого (либо введён не возраст)
Владимир42 pwfwj@ya.ru 21	В поле имени присутствуют недопустимые символы
Ли cvhczo 33	Почта не соответствует необходимому формату
Мария efbu 77	Почта не соответствует необходимому формату
Ли svaqehfigvam 77	Почта не соответствует необходимому формату
Чонгкун!!!!1 gffm@gmail.com 20	В поле имени присутствуют недопустимые символы
	Присутствует менее 3-х полей
Равшан bseowqfigvam 42	Почта не соответствует необходимому формату
Джигурда42 tznepble@ya.ru 75	В поле имени присутствуют недопустимые символы
Джамшут wevesdrh@mail.ru 8	Возраст выходит за границы допустимого (либо введён не возраст)
Муммий yklu@gmail.com 7	Возраст выходит за границы допустимого (либо введён не возраст)
Тролль pwtadxo@gmail.com 8	Возраст выходит за границы допустимого (либо введён не возраст)
Гнойный 62 qeqd@ya.ru	Почта не соответствует необходимому формату
Муммий!!!!1 wqxwzop@ya.ru 61	В поле имени присутствуют недопустимые символы
Нагиев	Присутствует менее 3-х полей
Яочуан raw@mail.ru 9	Возраст выходит за границы допустимого (либо введён не возраст)
Чехова eydej@ya.ru 101	Возраст выходит за границы допустимого (либо введён не возраст)
Джамшут eayzodx 52	Почта не соответствует необходимому формату
Ольга wgwuu@ya.ru 101	Возраст выходит за границы допустимого (либо введён не возраст)
Геннадий djudzltj@mail.ru 101	Возраст выходит за границы допустимого (либо введён не возраст)
Джигурда	Присутствует менее 3-х полей
Степан yejzxyf@mail.ru 9	Возраст выходит за границы допустимого (либо введён не возраст)
	Присутствует менее 3-х полей
Волочкова 93	Присутствует менее 3-х полей
Пенг qruwcczp.ru 101	Возраст выходит за границы допустимого (либо введён не возраст)
Гнойный42 slmdj@gmail.com 28	В поле имени присутствуют недопустимые символы
Ольга!!!!1 yaipm@gmail.com 83	В поле имени присутствуют недопустимые символы
Сянцзян pliohfbecr@mail.ru 9	Возраст выходит за границы допустимого (либо введён не возраст)
Сянцзян lnlscrhjpe@gmail.com 101	Возраст выходит за границы допустимого (либо введён не возраст)
	Присутствует менее 3-х полей
Нагиев fhxpea@gmail.com 101	Возраст выходит за границы допустимого (либо введён не возраст)
	Присутствует менее 3-х полей
Сянцзян qadxbr@gmail.com 9	Возраст выходит за границы допустимого (либо введён не возраст)
Муммий iqi@ya.ru 100	Возраст выходит за границы допустимого (либо введён не возраст)
Ольга ie@mail.ru 9	Возраст выходит за границы допустимого (либо введён не возраст)
	Присутствует менее 3-х полей
Мария dnm 42	Почта не соответствует необходимому формату
Ли fkp@mail.ru 8	Возраст выходит за границы допустимого (либо введён не возраст)
Земфира666 rvhajqvv@ya.ru 40	В поле имени присутствуют недопустимые символы
Ольга oivsrkk@ya.ru 7	Возраст выходит за границы допустимого (либо введён не возраст)
Степан42 laydgwwjwn@mail.ru 11	В поле имени присутствуют недопустимые символы
Джигурда	Присутствует менее 3-х полей
Ли mavu@ya.ru 100	Возраст выходит за границы допустимого (либо введён не возраст)
Тролль 54	Присутствует менее 3-х полей
Дмитрий!!!!1 bvkk@mail.ru 26	В поле имени присутствуют недопустимые символы
Равшан42 ezntle@ya.ru 37	В поле имени присутствуют недопустимые символы
Тролль fsllueom@ya.ru 9	Возраст выходит за границы допустимого (либо введён не возраст)
Муммий ufauvx@gmail.com 9	Возраст выходит за границы допустимого (либо введён не возраст)
Муммий wznghtc@ya.ru 100	Возраст выходит за границы допустимого (либо введён не возраст)
Чонгкун hvro 22	Почта не соответствует необходимому формату
Ли wqpe@ya.ru 100	Возраст выходит за границы допустимого (либо введён не возраст)
Джигурда!!!!1 dyenaemmiv@ya.ru 9	В поле имени присутствуют недопустимые символы
Ярослав zvb@gmail.com 101	Возраст выходит за границы допустимого (либо введён не возраст)
Муммий42 sfghcwc@mail.ru 100	В поле имени присутствуют недопустимые символы
Ольга 53	Присутствует менее 3-х полей
	Присутствует менее 3-х полей
Гнойный jvqjo@ya.ru 101	Возраст выходит за границы допустимого (либо введён не возраст)
Волочкова mwyte@gmail.com 9	Возраст выходит за границы допустимого (либо введён не возраст)
Бузова zmcty 30	Почта не соответствует необходимому формату
Джигурда42 cgmyyleo@ya.ru 62	В поле имени присутствуют недопустимые символы
Чонгкун 24	Присутствует менее 3-х полей
	Присутствует менее 3-х полей
Гнойный42 ooscn@mail.ru 55	В поле имени присутствуют недопустимые символы
Тролль!!!!1 gyvjmzanae@gmail.com 26	В поле имени присутствуют недопустимые символы
Нагиев42 jrjhg@gmail.com 73	В поле имени присутствуют недопустимые символы
Ван42 scca@mail.ru 18	В поле имени присутствуют недопустимые символы
Владимир42 zphtkio@gmail.com 11	В поле имени присутствуют недопустимые символы
Ольга 98 vlhqzb@gmail.com	Почта не соответствует необходимому формату
Яочуан zgfmcpz@gmail.com 7	Возраст выходит за границы допустимого (либо введён не возраст)
Ярослав rgdcnbxfigvam 32	Почта не соответствует необходимому формату
Хенг42 mgf@gmail.com 89	В поле имени присутствуют недопустимые символы
Джамшут drzi@mail.ru 101	Возраст выходит за границы допустимого (либо введён не возраст)
Артём akttamj@ya.ru 100	Возраст выходит за границы допустимого (либо введён не возраст)
Ван lfrvjvbihy@gmail.com 9	Возраст выходит за границы допустимого (либо введён не возраст)
Ольга aj@mail.ru 101	Возраст выходит за границы допустимого (либо введён не возраст)
Ольга hg 22	Почта не соответствует необходимому формату
Муммий uddygjvo@ya.ru 7	Возраст выходит за границы допустимого (либо введён не возраст)
Бузова fnfankwxld@ya.ru 8	Возраст выходит за границы допустимого (либо введён не возраст)
Волочкова nmilvddubzfigvam 16	Почта не соответствует необходимому формату
	Присутствует менее 3-х полей
Джамшут agicbvccqx@gmail.com 101	Возраст выходит за границы допустимого (либо введён не возраст)
Джамшут ufaukzgft@gmail.com 7	Возраст выходит за границы допустимого (либо введён не возраст)
	Присутствует менее 3-х полей
Владимир!!!!1 fxjmh@gmail.com 97	В поле имени присутствуют недопустимые символы
	Присутствует менее 3-х полей
Ярослав!!!!1 wwmnsfvj@ya.ru 27	В поле имени присутствуют недопустимые символы
Мария zpcmjr@gmail.com 8	Возраст выходит за границы допустимого (либо введён не возраст)
Чехова42 eezcpy@mail.ru 90	В поле имени присутствуют недопустимые символы
Михаил 28 ilehibygt@mail.ru	Почта не соответствует необходимому формату
Ярослав 63 eaxnuai@ya.ru	Почта не соответствует необходимому формату
Хенг666 onttosa@ya.ru 81	В поле имени присутствуют недопустимые символы
Ярослав666 vv@ya.ru 72	В поле имени присутствуют недопустимые символы
Дмитрий 34 jccinp@mail.ru	Почта не соответствует необходимому формату
Ольга666 ibfzjk@ya.ru 91	В поле имени присутствуют недопустимые символы
Земфира zhrfgfpc 82	Почта не соответствует необходимому формату
Нагиев gsf@gmail.com 8	Возраст выходит за границы допустимого (либо введён не возраст)
Степан666 tkzvgm@mail.ru 72	В поле имени присутствуют недопустимые символы
Геннадий666 gev@ya.ru 89	В поле имени присутствуют недопустимые символы
Земфира lletd@mail.ru 7	Возраст выходит за границы допустимого (либо введён не возраст)
Владимир666 qudalgiaqm@gmail.com 65	В поле имени присутствуют недопустимые символы
Владимир!!!!1 qzgghw@gmail.com 12	В поле имени присутствуют недопустимые символы
Сянцзян osopkc@gmail.com 7	Возраст выходит за границы допустимого (либо введён не возраст)
Мария mnfigvam 22	Почта не соответствует необходимому формату
Артём pudlfmzpwi@mail.ru 100	Возраст выходит за границы допустимого (либо введён не возраст)
Земфира duyfg@gmail.com 7	Возраст выходит за границы допустимого (либо введён не возраст)
Муммий666 bh@gmail.com 39	В поле имени присутствуют недопустимые символы
Волочкова hk@gmail.com 7	Возраст выходит за границы допустимого (либо введён не возраст)
	Присутствует менее 3-х полей
Нагиев hekhxxlfigvam 67	Почта не соответствует необходимому формату
79	Присутствует менее 3-х полей
	Присутствует менее 3-х полей
Ван42 xm@gmail.com 30	В поле имени присутствуют недопустимые символы
Геннадий ipddomkxs@ya.ru 100	Возраст выходит за границы допустимого (либо введён не возраст)
Ярослав mjp@ya.ru 101	Возраст выходит за границы допустимого (либо введён не возраст)
Степан ueubww@mail.ru 8	Возраст выходит за границы допустимого (либо введён не возраст)
Ли!!!!1 srjvpum@gmail.com 65	В поле имени присутствуют недопустимые символы
Чехова 23 fogfgwr@ya.ru	Почта не соответствует необходимому формату
Дмитрий 33 bewlfhvxxv@ya.ru	Почта не соответствует необходимому формату
	Присутствует менее 3-х полей
Бузова 85 ymtcb@mail.ru	Почта не соответствует необходимому формату
Равшан!!!!1 wxh@mail.ru 14	В поле имени присутствуют недопустимые символы
	Присутствует менее 3-х полей
Чонгкун 13 rqkwufl@ya.ru	Почта не соответствует необходимому формату
Нагиев666 jebsjraw@ya.ru 61	В поле имени присутствуют недопустимые символы
Хенг!!!!1 kxp@gmail.com 62	В поле имени присутствуют недопустимые символы
Нагиев666 ou@mail.ru 27	В поле имени присутствуют недопустимые символы
Земфира abfigvam 95	Почта не соответствует необходимому формату
Волочкова oefgutnvw@mail.ru 101	Возраст выходит за границы допустимого (либо введён не возраст)
Яочуан666 vtkmd@ya.ru 30	В поле имени присутствуют недопустимые символы
Ольга42 dh@ya.ru 25	В поле имени присутствуют недопустимые символы
Ли ugbeuptrtn@ya.ru 7	Возраст выходит за границы допустимого (либо введён не возраст)
Сянцзян!!!!1 eofcojuehm@ya.ru 32	В поле имени присутствуют недопустимые символы
Яочуан!!!!1 hrkqrm@mail.ru 80	В поле имени присутствуют недопустимые символы
Артём!!!!1 qafsowppis@gmail.com 43	В поле имени присутствуют недопустимые символы
Джигурда htufigvam 16	Почта не соответствует необходимому формату
Земфира klzjeoxnq@ya.ru 100	Возраст выходит за границы допустимого (либо введён не возраст)
Яочуан mmbbjfmwb@ya.ru 9	Возраст выходит за границы допустимого (либо введён не возраст)
Нагиев ap@mail.ru 8	Возраст выходит за границы допустимого (либо введён не возраст)
Ольга666 vr@mail.ru 101	В поле имени присутствуют недопустимые символы
Сянцзян nrg@gmail.com 7	Возраст выходит за границы допустимого (либо введён не возраст)
62	Присутствует менее 3-х полей
Мария koieqn@mail.ru 7	Возраст выходит за границы допустимого (либо введён не возраст)
Чехова 86	Присутствует менее 3-х полей
Дмитрий tdrc@gmail.com 100	Возраст выходит за границы допустимого (либо введён не возраст)
Равшан	Присутствует менее 3-х полей
Равшан gwtfigvam 92	Почта не соответствует необходимому формату
Мария666 fxkiz@mail.ru 66	В поле имени присутствуют недопустимые символы
Степан egevtifebg@gmail.com 101	Возраст выходит за границы допустимого (либо введён не возраст)
Равшан pvtwyqxc@gmail.com 8	Возраст выходит за границы допустимого (либо введён не возраст)
	Присутствует менее 3-х полей
Земфира eqmwug@mail.ru 101	Возраст выходит за границы допустимого (либо введён не возраст)
Чонгкун gysadqnc@gmail.com 8	Возраст выходит за границы допустимого (либо введён не возраст)
pt@ya.ru	Присутствует менее 3-х полей
Ли luzo@gmail.com 8	Возраст выходит за границы допустимого (либо введён не возраст)
Гнойный xyvjancymu@mail.ru 9	Возраст выходит за границы допустимого (либо введён не возраст)
Ван fierz@gmail.com 8	Возраст выходит за границы допустимого (либо введён не возраст)
	Присутствует менее 3-х полей
Владимир666 hjwqgntzb@gmail.com 70	В поле имени присутствуют недопустимые символы
Джамшут42 mutpfnzqy@mail.ru 63	В поле имени присутствуют недопустимые символы
Ольга nx 57	Почта не соответствует необходимому формату
Ли mydowr@ya.ru 100	Возраст выходит за границы допустимого (либо введён не возраст)
Ли finxkaeqo@mail.ru 7	Возраст выходит за границы допустимого (либо введён не возраст)
Артём okodti@gmail.com 9	Возраст выходит за границы допустимого (либо введён не возраст)
Дмитрий hqgon@ya.ru 8	Возраст выходит за границы допустимого (либо введён не возраст)
	Присутствует менее 3-х полей
Равшан xjsibxpos@mail.ru 8	Возраст выходит за границы допустимого (либо введён не возраст)
Чехова 80 lsyfvzjhx@gmail.com	Почта не соответствует необходимому формату
Чехова42 fqsgq@ya.ru 75	В поле имени присутствуют недопустимые символы
Артём irrx 8	Почта не соответствует необходимому формату
Степан hnkomvo@ya.ru 8	Возраст выходит за границы допустимого (либо введён не возраст)
Ли gggep@mail.ru 7	Возраст выходит за границы допустимого (либо введён не возраст)
Нагиев 39 xexcn@mail.ru	Почта не соответствует необходимому формату
Мария dpdkgrk@mail.ru 9	Возраст выходит за границы допустимого (либо введён не возраст)
Чехова slouvlfjhp.mail.ru 101	Возраст выходит за границы допустимого (либо введён не возраст)
Ольга jgsvnytwj@gmail.com 100	Возраст выходит за границы допустимого (либо введён не возраст)
Волочкова ofkuhzxqa@mail.ru 100	Возраст выходит за границы допустимого (либо введён не возраст)
Земфира vegfigvam 79	Почта не соответствует необходимому формату
Степан npghipo@ya.ru 8	Возраст выходит за границы допустимого (либо введён не возраст)
Анна verpjfigvam 98	Почта не соответствует необходимому формату
Бузова hunjg 57	Почта не соответствует необходимому формату
Ли wnqnnhqnu@gmail.com 100	Возраст выходит за границы допустимого (либо введён не возраст)
Ли duejc@mail.ru 101	Возраст выходит за границы допустимого (либо введён не возраст)
Хенг texclyvv@ya.ru 7	Возраст выходит за границы допустимого (либо введён не возраст)
	Присутствует менее 3-х полей
Равшан hhwldj@mail.ru 101	Возраст выходит за границы допустимого (либо введён не возраст)
Нагиев 32 ddqkqncsc@mail.ru	Почта не соответствует необходимому формату
Геннадий gku@mail.ru 100	Возраст выходит за границы допустимого (либо введён не возраст)
Михаил mqfigvam 42	Почта не соответствует необходимому формату
Геннадий ztwc@gmail.com 101	Возраст выходит за границы допустимого (либо введён не возраст)
Сянцзян	Присутствует менее 3-х полей
Джигурда ddvn@mail.ru 101	Возраст выходит за границы допустимого (либо введён не возраст)
40 vdetvumek@gmail.com	Присутствует менее 3-х полей
Хенг wnnokxhfi@ya.ru 7	Возраст выходит за границы допустимого (либо введён не возраст)
Ярослав lbywftp@mail.ru 9	Возраст выходит за границы допустимого (либо введён не возраст)
Земфира vuzzvyh@gmail.com 9	Возраст выходит за границы допустимого (либо введён не возраст)
Ван lpu@ya.ru 101	Возраст выходит за границы допустимого (либо введён не возраст)
Яочуан yuz@gmail.com 9	Возраст выходит за границы допустимого (либо введён не возраст)
Джамшут rfaxstwl@ya.ru 7	Возраст выходит за границы допустимого (либо введён не возраст)
Анна anfh 36	Почта не соответствует необходимому формату
	Присутствует менее 3-х полей
Владимир 79 jwnhvvd@mail.ru	Почта не соответствует необходимому формату
Ли omk@ya.ru 7	Возраст выходит за границы допустимого (либо введён не возраст)
Земфира42 xsxj@mail.ru 91	В поле имени присутствуют недопустимые символы
Степан zhbrwwfigvam 90	Почта не соответствует необходимому формату
Ли ati@gmail.com 100	Возраст выходит за границы допустимого (либо введён не возраст)
Ли pinle@mail.ru 101	Возраст выходит за границы допустимого (либо введён не возраст)
Ли xltzkbtd 29	Почта не соответствует необходимому формату
Степан faydat 39	Почта не соответствует необходимому формату
Степан nlfigvam 18	Почта не соответствует необходимому формату
	Присутствует менее 3-х полей
Чехова zlwudasr@ya.ru 9	Возраст выходит за границы допустимого (либо введён не возраст)
Земфира666 otxxpaiu@ya.ru 69	В поле имени присутствуют недопустимые символы
Сянцзян cvb 34	Почта не соответствует необходимому формату
Артём ug 19	Почта не соответствует необходимому формату
Джамшут lgwoaerkg@gmail.com 101	Возраст выходит за границы допустимого (либо введён не возраст)
vcbqv@mail.ru	Присутствует менее 3-х полей
Джамшут qnju 15	Почта не соответствует необходимому формату
Волочкова vbw@ya.ru 7	Возраст выходит за границы допустимого (либо введён не возраст)
Чехова xzxezuwdo@mail.ru 8	Возраст выходит за границы допустимого (либо введён не возраст)
Михаил kpwnmczyg@ya.ru 7	Возраст выходит за границы допустимого (либо введён не возраст)
Сянцзян ddsto@mail.ru 9	Возраст выходит за границы допустимого (либо введён не возраст)
Земфира jiul 26	Почта не соответствует необходимому формату
Хенг wdigvfokm@mail.ru	Присутствует менее 3-х полей
Равшан hjleuh@gmail.com 7	Возраст выходит за границы допустимого (либо введён не возраст)
Тролль zlivjohx@ya.ru 100	Возраст выходит за границы допустимого (либо введён не возраст)
	Присутствует менее 3-х полей
Артём grhwwz@gmail.com 9	Возраст выходит за границы допустимого (либо введён не возраст)
Чонгкун hcfuvw 87	Почта не соответствует необходимому формату
Ольга ia@gmail.com 8	Возраст выходит за границы допустимого (либо введён не возраст)
Степан ay@ya.ru 8	Возраст выходит за границы допустимого (либо введён не возраст)
Чонгкун wrmis@ya.ru 101	Возраст выходит за границы допустимого (либо введён не возраст)
Геннадий 60 qe@mail.ru	Почта не соответствует необходимому формату
Ольга	Присутствует менее 3-х полей
Анна aqkdbkyeb@gmail.com 9	Возраст выходит за границы допустимого (либо введён не возраст)
Анна42 ed@mail.ru 17	В поле имени присутствуют недопустимые символы
Бузова xoyg@mail.ru 7	Возраст выходит за границы допустимого (либо введён не возраст)
Джамшут depp@gmail.com 100	Возраст выходит за границы допустимого (либо введён не возраст)
Муммий!!!!1 scqo@mail.ru 94	В поле имени присутствуют недопустимые символы
Владимир grrnerwhl@ya.ru 101	Возраст выходит за границы допустимого (либо введён не возраст)
Ли vjarik@ya.ru 7	Возраст выходит за границы допустимого (либо введён не возраст)
Джамшут 34	Присутствует менее 3-х полей
Яочуан kcbataacan@ya.ru 100	Возраст выходит за границы допустимого (либо введён не возраст)
	Присутствует менее 3-х полей
Хенг qgonstc@mail.ru 7	Возраст выходит за границы допустимого (либо введён не возраст)
Джигурда!!!!1 xpomzztfou@mail.ru 64	В поле имени присутствуют недопустимые символы
Анна qcsrfjho@ya.ru 100	Возраст выходит за границы допустимого (либо введён не возраст)
	Присутствует менее 3-х полей
Михаил666 kssuv@gmail.com 99	В поле имени присутствуют недопустимые символы
Ли ivmjtzik@ya.ru 101	Возраст выходит за границы допустимого (либо введён не возраст)
Волочкова lulntpfigvam 26	Почта не соответствует необходимому формату
Чонгкун ogoujvw@mail.ru 7	Возраст выходит за границы допустимого (либо введён не возраст)
Волочкова666 qpaiijbtfigvam 55	В поле имени присутствуют недопустимые символы
Чехова twfaumdygs 33	Почта не соответствует необходимому формату
Ван42 vpvya@ya.ru 15	В поле имени присутствуют недопустимые символы
Дмитрий py@gmail.com	Присутствует менее 3-х полей
Пенг qwenv@gmail.com 101	Возраст выходит за границы допустимого (либо введён не возраст)
Анна666 zvuc@gmail.com 25	В поле имени присутствуют недопустимые символы
Геннадий 10 sdnri@mail.ru	Почта не соответствует необходимому формату
Гнойный fj@mail.ru 101	Возраст выходит за границы допустимого (либо введён не возраст)
Муммий vksqce@mail.ru 8	Возраст выходит за границы допустимого (либо введён не возраст)
Чехова jewi@gmail.com 100	Возраст выходит за границы допустимого (либо введён не возраст)
Волочкова ojzvn@mail.ru 8	Возраст выходит за границы допустимого (либо введён не возраст)
Геннадий 77	Присутствует менее 3-х полей
Сянцзян 97 xangyo@ya.ru	Почта не соответствует необходимому формату
Гнойный jproimqazq@gmail.com 7	Возраст выходит за границы допустимого (либо введён не возраст)
Анна hwqdzkt 85	Почта не соответствует необходимому формату
Пенг ft@mail.ru	Присутствует менее 3-х полей
Ли rpsbjxcidy@ya.ru 8	Возраст выходит за границы допустимого (либо введён не возраст)
Геннадий jrfxflls@ya.ru 101	Возраст выходит за границы допустимого (либо введён не возраст)
Чонгкун 51 gaugtep@mail.ru	Почта не соответствует необходимому формату
Геннадий xdrmu@mail.ru 9	Возраст выходит за границы допустимого (либо введён не возраст)
Джамшут 63	Присутствует менее 3-х полей
Дмитрий imkjxt@gmail.com 100	Возраст выходит за границы допустимого (либо введён не возраст)
Степан cwpxzmvcys@mail.ru 100	Возраст выходит за границы допустимого (либо введён не возраст)
Волочкова ccni@gmail.com 100	Возраст выходит за границы допустимого (либо введён не возраст)
Джамшут	Присутствует менее 3-х полей
Хенг rlbvvaq 21	Почта не соответствует необходимому формату
Анна qi@ya.ru 101	Возраст выходит за границы допустимого (либо введён не возраст)
Джамшут bumqppdlj@mail.ru 101	Возраст выходит за границы допустимого (либо введён не возраст)
Тролль sw 54	Почта не соответствует необходимому формату
Джамшут qtm@mail.ru 100	Возраст выходит за границы допустимого (либо введён не возраст)
Джигурда42 byuxfoyigk@ya.ru 21	В поле имени присутствуют недопустимые символы
Ли ykpenvzfigvam 39	Почта не соответствует необходимому формату
98	Присутствует менее 3-х полей
Земфира azxq 82	Почта не соответствует необходимому формату
Ли yaagqzrje@gmail.com 101	Возраст выходит за границы допустимого (либо введён не возраст)
Артём by@gmail.com 101	Возраст выходит за границы допустимого (либо введён не возраст)
Яочуан bpn@ya.ru 8	Возраст выходит за границы допустимого (либо введён не возраст)
Чонгкун sayoo@ya.ru 100	Возраст выходит за границы допустимого (либо введён не возраст)
Яочуан42 zihdblwz@mail.ru 98	В поле имени присутствуют недопустимые символы
Ольга hrvxhaieg@mail.ru 101	Возраст выходит за границы допустимого (либо введён не возраст)
Чехова ieiq@gmail.com 100	Возраст выходит за границы допустимого (либо введён не возраст)
Владимир edx@ya.ru 100	Возраст выходит за границы допустимого (либо введён не возраст)
61	Присутствует менее 3-х полей
Джамшут666 kjw@gmail.com 25	В поле имени присутствуют недопустимые символы
Бузова uri@mail.ru 8	Возраст выходит за границы допустимого (либо введён не возраст)
Гнойный dbvk@mail.ru 100	Возраст выходит за границы допустимого (либо введён не возраст)
Ван rgjaqkqs@gmail.com 8	Возраст выходит за границы допустимого (либо введён не возраст)
Волочкова mnu@mail.ru 8	Возраст выходит за границы допустимого (либо введён не возраст)
Ли42 vqffrrlfh@gmail.com 99	В поле имени присутствуют недопустимые символы
Тролль666 se@mail.ru 52	В поле имени присутствуют недопустимые символы
Дмитрий xayinimkz@mail.ru 7	Возраст выходит за границы допустимого (либо введён не возраст)
